2025-05-07 14:22:52,707 [INFO] Activator:176 - 


2025-05-07 14:22:52,717 [INFO] Activator:177 - !SESSION log4j initialized
2025-05-07 14:22:57,170 [INFO] LogOutputStream:77 - [STDOUT_REDIRECT] 
2025-05-07 14:22:59,018 [INFO] ApplicationProperties:184 - Using Application install path: C:\ST\STM32CubeIDE_1.17.0\STM32CubeIDE\plugins\com.st.stm32cube.common.mx_6.14.1.202504091515
2025-05-07 14:22:59,032 [INFO] DbMcusXml:78 - Set database path to: C:\ST\STM32CubeIDE_1.17.0\STM32CubeIDE\plugins\com.st.stm32cube.common.mx_6.14.1.202504091515\\db\/mcu/
2025-05-07 14:22:59,032 [INFO] ApiDb:274 - Set plugin database path to: C:\ST\STM32CubeIDE_1.17.0\STM32CubeIDE\plugins\com.st.stm32cube.common.mx_6.14.1.202504091515\\db\/plugins/boardmanager/
2025-05-07 14:22:59,033 [WARN] ApiDb:259 - Overriding images path with different value:  => C:\ST\STM32CubeIDE_1.17.0\STM32CubeIDE\plugins\com.st.stm32cube.common.mx_6.14.1.202504091515\\db\/plugins/mcufinder/images/
2025-05-07 14:22:59,038 [INFO] ApiDb:250 - Set database path to: C:\Users\stipi\.stmcufinder\plugins\mcufinder//mcu/
2025-05-07 14:22:59,039 [INFO] DbMcusAds:125 - Set database path to: C:\Users\stipi\.stmcufinder\plugins\mcufinder//mcu/
2025-05-07 14:22:59,041 [INFO] CrossReferenceDbSqlite:203 - Set database path to: C:\Users\stipi\.stmcufinder\plugins\mcufinder//mcu/cs/
2025-05-07 14:22:59,165 [INFO] RulesReader:64 - Compatibility file has been processed (302 Rules)
2025-05-07 14:22:59,239 [INFO] DbMcusXml:78 - Set database path to: C:\ST\STM32CubeIDE_1.17.0\STM32CubeIDE\plugins\com.st.stm32cube.common.mx_6.14.1.202504091515\\db\/mcu/
2025-05-07 14:22:59,239 [INFO] ApiDb:274 - Set plugin database path to: C:\ST\STM32CubeIDE_1.17.0\STM32CubeIDE\plugins\com.st.stm32cube.common.mx_6.14.1.202504091515\\db\/plugins/boardmanager/
2025-05-07 14:22:59,239 [INFO] ApiDb:261 - Set plugin images path to: C:\ST\STM32CubeIDE_1.17.0\STM32CubeIDE\plugins\com.st.stm32cube.common.mx_6.14.1.202504091515\\db\/plugins/mcufinder/images/
2025-05-07 14:22:59,239 [WARN] DbFile:41 - Overriding database path with different value: C:\Users\stipi\.stmcufinder\plugins\mcufinder/ => C:\Users\stipi\.stmcufinder\plugins\mcufinder
2025-05-07 14:22:59,239 [INFO] ApiDb:250 - Set database path to: C:\Users\stipi\.stmcufinder\plugins\mcufinder//mcu/
2025-05-07 14:22:59,239 [WARN] DbFile:41 - Overriding database path with different value: C:\Users\stipi\.stmcufinder\plugins\mcufinder/ => C:\Users\stipi\.stmcufinder\plugins\mcufinder
2025-05-07 14:22:59,239 [INFO] DbMcusAds:125 - Set database path to: C:\Users\stipi\.stmcufinder\plugins\mcufinder//mcu/
2025-05-07 14:22:59,239 [WARN] DbFile:41 - Overriding database path with different value: C:\Users\stipi\.stmcufinder\plugins\mcufinder/ => C:\Users\stipi\.stmcufinder\plugins\mcufinder
2025-05-07 14:22:59,239 [WARN] DbFile:41 - Overriding database path with different value: C:\Users\stipi\.stmcufinder\plugins\mcufinder/ => C:\Users\stipi\.stmcufinder\plugins\mcufinder
2025-05-07 14:22:59,240 [INFO] CrossReferenceDbSqlite:203 - Set database path to: C:\Users\stipi\.stmcufinder\plugins\mcufinder//mcu/cs/
2025-05-07 14:22:59,306 [INFO] MainPanel:272 - HeapMemory: 268435456
2025-05-07 14:22:59,380 [INFO] DbMcusXml:78 - Set database path to: C:\ST\STM32CubeIDE_1.17.0\STM32CubeIDE\plugins\com.st.stm32cube.common.mx_6.14.1.202504091515\\db\/mcu/
2025-05-07 14:22:59,380 [INFO] ApiDb:274 - Set plugin database path to: C:\ST\STM32CubeIDE_1.17.0\STM32CubeIDE\plugins\com.st.stm32cube.common.mx_6.14.1.202504091515\\db\/plugins/boardmanager/
2025-05-07 14:22:59,380 [INFO] ApiDb:261 - Set plugin images path to: C:\ST\STM32CubeIDE_1.17.0\STM32CubeIDE\plugins\com.st.stm32cube.common.mx_6.14.1.202504091515\\db\/plugins/mcufinder/images/
2025-05-07 14:22:59,381 [WARN] DbFile:41 - Overriding database path with different value: C:\Users\stipi\.stmcufinder\plugins\mcufinder/ => C:\Users\stipi\.stmcufinder\plugins\mcufinder
2025-05-07 14:22:59,381 [INFO] ApiDb:250 - Set database path to: C:\Users\stipi\.stmcufinder\plugins\mcufinder//mcu/
2025-05-07 14:22:59,381 [WARN] DbFile:41 - Overriding database path with different value: C:\Users\stipi\.stmcufinder\plugins\mcufinder/ => C:\Users\stipi\.stmcufinder\plugins\mcufinder
2025-05-07 14:22:59,381 [INFO] DbMcusAds:125 - Set database path to: C:\Users\stipi\.stmcufinder\plugins\mcufinder//mcu/
2025-05-07 14:22:59,381 [WARN] DbFile:41 - Overriding database path with different value: C:\Users\stipi\.stmcufinder\plugins\mcufinder/ => C:\Users\stipi\.stmcufinder\plugins\mcufinder
2025-05-07 14:22:59,381 [WARN] DbFile:41 - Overriding database path with different value: C:\Users\stipi\.stmcufinder\plugins\mcufinder/ => C:\Users\stipi\.stmcufinder\plugins\mcufinder
2025-05-07 14:22:59,381 [INFO] CrossReferenceDbSqlite:203 - Set database path to: C:\Users\stipi\.stmcufinder\plugins\mcufinder//mcu/cs/
2025-05-07 14:22:59,397 [INFO] ApplicationProperties:184 - Using Application install path: C:\ST\STM32CubeIDE_1.17.0\STM32CubeIDE\plugins\com.st.stm32cube.common.mx_6.14.1.202504091515
2025-05-07 14:22:59,399 [INFO] PluginManage:196 - Search for loadable plugins [exclusion list=, ]
2025-05-07 14:22:59,400 [INFO] PluginManage:310 - Check plugin analytics
2025-05-07 14:22:59,673 [INFO] AnalyticsPlugin:253 - Accepted Software Licenses: 
2025-05-07 14:22:59,673 [INFO] AnalyticsPlugin:255 - Accepted CMSIS Pack Licenses: 
2025-05-07 14:22:59,674 [INFO] AnalyticsPlugin:257 - Accepted Firmware Licenses: 
2025-05-07 14:22:59,678 [INFO] PluginManage:359 - Loaded plugin analytics (category:tool,tabindex:-1)
2025-05-07 14:22:59,679 [INFO] PluginManage:310 - Check plugin cadmodel
2025-05-07 14:22:59,694 [INFO] CADModel:105 - Init CAD model plugin
2025-05-07 14:22:59,694 [INFO] PluginManage:359 - Loaded plugin cadmodel (category:power,tabindex:5)
2025-05-07 14:22:59,695 [INFO] PluginManage:310 - Check plugin clock
2025-05-07 14:22:59,712 [INFO] PluginManage:359 - Loaded plugin clock (category:base,tabindex:2)
2025-05-07 14:22:59,712 [INFO] PluginManage:310 - Check plugin ddr
2025-05-07 14:22:59,714 [INFO] PluginManage:359 - Loaded plugin ddr (category:tool,tabindex:6)
2025-05-07 14:22:59,714 [INFO] PluginManage:310 - Check plugin filemanager
2025-05-07 14:22:59,825 [INFO] PluginManage:359 - Loaded plugin filemanager (category:base,tabindex:10)
2025-05-07 14:22:59,825 [INFO] PluginManage:310 - Check plugin ipmanager
2025-05-07 14:22:59,830 [INFO] PluginManage:359 - Loaded plugin ipmanager (category:base,tabindex:5)
2025-05-07 14:22:59,830 [INFO] PluginManage:310 - Check plugin lpbam
2025-05-07 14:22:59,850 [INFO] PluginManage:359 - Loaded plugin lpbam (category:base,tabindex:0)
2025-05-07 14:22:59,850 [INFO] PluginManage:310 - Check plugin memorymap
2025-05-07 14:22:59,874 [INFO] PluginManage:359 - Loaded plugin memorymap (category:base,tabindex:4)
2025-05-07 14:22:59,874 [INFO] PluginManage:310 - Check plugin pinoutandconfiguration
2025-05-07 14:22:59,893 [INFO] PluginManage:359 - Loaded plugin pinoutandconfiguration (category:base,tabindex:1)
2025-05-07 14:22:59,895 [INFO] PluginManage:310 - Check plugin pinoutconfig
2025-05-07 14:22:59,975 [WARN] SupportedApi:132 - Cannot load RTOS API schema: s4s-elt-must-match.1: The content of 'definitions' must match (annotation?, (simpleType | complexType)?, (unique | key | keyref)*)). A problem was found starting at: attribute.
2025-05-07 14:23:00,118 [INFO] PluginManage:359 - Loaded plugin pinoutconfig (category:base,tabindex:0)
2025-05-07 14:23:00,119 [INFO] PluginManage:310 - Check plugin power
2025-05-07 14:23:00,151 [INFO] PluginManage:359 - Loaded plugin power (category:power,tabindex:4)
2025-05-07 14:23:00,151 [INFO] PluginManage:310 - Check plugin projectmanager
2025-05-07 14:23:00,169 [INFO] PluginManage:359 - Loaded plugin projectmanager (category:projectmanager,tabindex:4)
2025-05-07 14:23:00,170 [INFO] PluginManage:310 - Check plugin rif
2025-05-07 14:23:00,196 [INFO] PluginManage:359 - Loaded plugin rif (category:base,tabindex:3)
2025-05-07 14:23:00,197 [INFO] PluginManage:310 - Check plugin thirdparty
2025-05-07 14:23:00,503 [INFO] PluginManage:359 - Loaded plugin thirdparty (category:base,tabindex:-1)
2025-05-07 14:23:00,503 [WARN] IntegrityCheckThread:84 - waiting for thirdparty lock release [integrity check]
2025-05-07 14:23:00,504 [INFO] PluginManage:310 - Check plugin tools
2025-05-07 14:23:00,504 [INFO] IntegrityCheckThread:86 - entering critical section [integrity check]
2025-05-07 14:23:00,504 [INFO] ThirdPartyUpdaterWithRetryManager:70 - Updater plugin not ready yet. [1/15]
2025-05-07 14:23:00,562 [INFO] PluginManage:359 - Loaded plugin tools (category:base,tabindex:7)
2025-05-07 14:23:00,562 [INFO] PluginManage:310 - Check plugin tutovideos
2025-05-07 14:23:00,737 [INFO] PluginManage:359 - Loaded plugin tutovideos (category:base,tabindex:-1)
2025-05-07 14:23:00,738 [INFO] PluginManage:310 - Check plugin updater
2025-05-07 14:23:00,762 [INFO] PluginManage:359 - Loaded plugin updater (category:base,tabindex:12)
2025-05-07 14:23:00,763 [INFO] PluginManage:310 - Check plugin userauth
2025-05-07 14:23:00,766 [INFO] UserAuth:118 - Init User Auth plugin
2025-05-07 14:23:00,767 [INFO] PluginManage:359 - Loaded plugin userauth (category:base,tabindex:14)
2025-05-07 14:23:00,767 [INFO] PluginManage:283 - PluginManage : Loaded plugins [18]
2025-05-07 14:23:00,959 [INFO] PinOutPanel:1589 - setPackage(No Configuration,No Configuration)
2025-05-07 14:23:01,037 [INFO] CADModel:165 - CPN selected for project level
2025-05-07 14:23:01,037 [INFO] CADModel:114 - Register for checkConnection events
2025-05-07 14:23:01,066 [INFO] IPUIPlugin:80 - create IPUIPlugin
2025-05-07 14:23:01,067 [INFO] PluginManager:220 - loadIPPluginJar : add adc
2025-05-07 14:23:01,120 [INFO] IPUIPlugin:80 - create IPUIPlugin
2025-05-07 14:23:01,120 [INFO] PluginManager:220 - loadIPPluginJar : add aes
2025-05-07 14:23:01,182 [INFO] IPUIPlugin:80 - create IPUIPlugin
2025-05-07 14:23:01,182 [INFO] PluginManager:220 - loadIPPluginJar : add can
2025-05-07 14:23:01,185 [INFO] IPUIPlugin:80 - create IPUIPlugin
2025-05-07 14:23:01,185 [INFO] PluginManager:220 - loadIPPluginJar : add comp
2025-05-07 14:23:01,241 [INFO] IPUIPlugin:80 - create IPUIPlugin
2025-05-07 14:23:01,241 [INFO] PluginManager:220 - loadIPPluginJar : add cryp
2025-05-07 14:23:01,257 [INFO] IPUIPlugin:80 - create IPUIPlugin
2025-05-07 14:23:01,257 [INFO] PluginManager:220 - loadIPPluginJar : add ddr_ctrl_phy
2025-05-07 14:23:01,260 [INFO] IPUIPlugin:80 - create IPUIPlugin
2025-05-07 14:23:01,260 [INFO] PluginManager:220 - loadIPPluginJar : add dfsdm
2025-05-07 14:23:01,276 [INFO] IPUIPlugin:80 - create IPUIPlugin
2025-05-07 14:23:01,277 [INFO] PluginManager:220 - loadIPPluginJar : add dma
2025-05-07 14:23:01,331 [INFO] IPUIPlugin:80 - create IPUIPlugin
2025-05-07 14:23:01,331 [INFO] PluginManager:220 - loadIPPluginJar : add dma3
2025-05-07 14:23:01,398 [INFO] IPUIPlugin:80 - create IPUIPlugin
2025-05-07 14:23:01,399 [INFO] PluginManager:220 - loadIPPluginJar : add extmemmanager
2025-05-07 14:23:01,429 [INFO] IPUIPlugin:80 - create IPUIPlugin
2025-05-07 14:23:01,429 [INFO] PluginManager:220 - loadIPPluginJar : add fatfs
2025-05-07 14:23:01,494 [INFO] IPUIPlugin:80 - create IPUIPlugin
2025-05-07 14:23:01,494 [INFO] PluginManager:220 - loadIPPluginJar : add fmc
2025-05-07 14:23:01,513 [INFO] IPUIPlugin:80 - create IPUIPlugin
2025-05-07 14:23:01,514 [INFO] PluginManager:220 - loadIPPluginJar : add freertos
2025-05-07 14:23:01,516 [INFO] IPUIPlugin:80 - create IPUIPlugin
2025-05-07 14:23:01,516 [INFO] PluginManager:220 - loadIPPluginJar : add genericplugin
2025-05-07 14:23:01,652 [INFO] IPUIPlugin:80 - create IPUIPlugin
2025-05-07 14:23:01,653 [INFO] PluginManager:220 - loadIPPluginJar : add gfxmmu
2025-05-07 14:23:01,822 [INFO] IPUIPlugin:80 - create IPUIPlugin
2025-05-07 14:23:01,822 [INFO] PluginManager:220 - loadIPPluginJar : add gic
2025-05-07 14:23:01,839 [INFO] IPUIPlugin:80 - create IPUIPlugin
2025-05-07 14:23:01,841 [INFO] PluginManager:220 - loadIPPluginJar : add gpio
2025-05-07 14:23:01,953 [INFO] IPUIPlugin:80 - create IPUIPlugin
2025-05-07 14:23:01,953 [INFO] PluginManager:220 - loadIPPluginJar : add gtzc
2025-05-07 14:23:01,957 [INFO] IPUIPlugin:80 - create IPUIPlugin
2025-05-07 14:23:01,957 [INFO] PluginManager:220 - loadIPPluginJar : add hash
2025-05-07 14:23:02,026 [INFO] IPUIPlugin:80 - create IPUIPlugin
2025-05-07 14:23:02,026 [INFO] PluginManager:220 - loadIPPluginJar : add i2c
2025-05-07 14:23:02,078 [INFO] IPUIPlugin:80 - create IPUIPlugin
2025-05-07 14:23:02,078 [INFO] PluginManager:220 - loadIPPluginJar : add i2s
2025-05-07 14:23:02,152 [INFO] IPUIPlugin:80 - create IPUIPlugin
2025-05-07 14:23:02,152 [INFO] PluginManager:220 - loadIPPluginJar : add i3c
2025-05-07 14:23:02,327 [INFO] IPUIPlugin:80 - create IPUIPlugin
2025-05-07 14:23:02,328 [INFO] PluginManager:220 - loadIPPluginJar : add ipddr
2025-05-07 14:23:02,437 [INFO] IPUIPlugin:80 - create IPUIPlugin
2025-05-07 14:23:02,437 [INFO] PluginManager:220 - loadIPPluginJar : add linkedlist
2025-05-07 14:23:02,441 [INFO] IPUIPlugin:80 - create IPUIPlugin
2025-05-07 14:23:02,441 [INFO] PluginManager:220 - loadIPPluginJar : add lorawan
2025-05-07 14:23:02,505 [INFO] IPUIPlugin:80 - create IPUIPlugin
2025-05-07 14:23:02,505 [INFO] PluginManager:220 - loadIPPluginJar : add ltdc
2025-05-07 14:23:02,524 [INFO] IPUIPlugin:80 - create IPUIPlugin
2025-05-07 14:23:02,525 [INFO] PluginManager:220 - loadIPPluginJar : add mdma
2025-05-07 14:23:02,547 [INFO] IPUIPlugin:80 - create IPUIPlugin
2025-05-07 14:23:02,547 [INFO] PluginManager:220 - loadIPPluginJar : add nvic
2025-05-07 14:23:02,614 [INFO] IPUIPlugin:80 - create IPUIPlugin
2025-05-07 14:23:02,614 [INFO] PluginManager:220 - loadIPPluginJar : add opamp
2025-05-07 14:23:02,696 [INFO] IPUIPlugin:80 - create IPUIPlugin
2025-05-07 14:23:02,696 [INFO] PluginManager:220 - loadIPPluginJar : add openamp
2025-05-07 14:23:02,750 [INFO] IPUIPlugin:80 - create IPUIPlugin
2025-05-07 14:23:02,750 [INFO] PluginManager:220 - loadIPPluginJar : add pdm2pcm
2025-05-07 14:23:02,772 [INFO] IPUIPlugin:80 - create IPUIPlugin
2025-05-07 14:23:02,775 [INFO] PluginManager:220 - loadIPPluginJar : add plateformsettings
2025-05-07 14:23:02,821 [INFO] IPUIPlugin:80 - create IPUIPlugin
2025-05-07 14:23:02,821 [INFO] PluginManager:220 - loadIPPluginJar : add quadspi
2025-05-07 14:23:02,824 [INFO] IPUIPlugin:80 - create IPUIPlugin
2025-05-07 14:23:02,824 [INFO] PluginManager:220 - loadIPPluginJar : add radio
2025-05-07 14:23:02,853 [INFO] IPUIPlugin:80 - create IPUIPlugin
2025-05-07 14:23:02,854 [INFO] PluginManager:220 - loadIPPluginJar : add resmgrutility
2025-05-07 14:23:02,923 [INFO] IPUIPlugin:80 - create IPUIPlugin
2025-05-07 14:23:02,923 [INFO] PluginManager:220 - loadIPPluginJar : add sai
2025-05-07 14:23:02,979 [INFO] IPUIPlugin:80 - create IPUIPlugin
2025-05-07 14:23:02,979 [INFO] PluginManager:220 - loadIPPluginJar : add spi
2025-05-07 14:23:03,068 [INFO] IPUIPlugin:80 - create IPUIPlugin
2025-05-07 14:23:03,068 [INFO] PluginManager:220 - loadIPPluginJar : add stm32_wpan
2025-05-07 14:23:03,112 [INFO] IPUIPlugin:80 - create IPUIPlugin
2025-05-07 14:23:03,112 [INFO] PluginManager:220 - loadIPPluginJar : add tim
2025-05-07 14:23:03,208 [INFO] IPUIPlugin:80 - create IPUIPlugin
2025-05-07 14:23:03,209 [INFO] PluginManager:220 - loadIPPluginJar : add touchsensing
2025-05-07 14:23:03,241 [INFO] IPUIPlugin:80 - create IPUIPlugin
2025-05-07 14:23:03,241 [INFO] PluginManager:220 - loadIPPluginJar : add tracer_emb
2025-05-07 14:23:03,273 [INFO] IPUIPlugin:80 - create IPUIPlugin
2025-05-07 14:23:03,273 [INFO] PluginManager:220 - loadIPPluginJar : add ts
2025-05-07 14:23:03,276 [INFO] IPUIPlugin:80 - create IPUIPlugin
2025-05-07 14:23:03,276 [INFO] PluginManager:220 - loadIPPluginJar : add tsc
2025-05-07 14:23:03,314 [INFO] IPUIPlugin:80 - create IPUIPlugin
2025-05-07 14:23:03,314 [INFO] PluginManager:220 - loadIPPluginJar : add ucpd
2025-05-07 14:23:03,391 [INFO] IPUIPlugin:80 - create IPUIPlugin
2025-05-07 14:23:03,391 [INFO] PluginManager:220 - loadIPPluginJar : add usart
2025-05-07 14:23:03,457 [INFO] IPUIPlugin:80 - create IPUIPlugin
2025-05-07 14:23:03,458 [INFO] PluginManager:220 - loadIPPluginJar : add usbx
2025-05-07 14:23:03,506 [INFO] ThirdPartyUpdaterWithRetryManager:70 - Updater plugin not ready yet. [2/15]
2025-05-07 14:23:03,581 [FATAL] Updater:351 - Updater called before beeing initialized
2025-05-07 14:23:03,611 [INFO] RulesReader:64 - Compatibility file has been processed (302 Rules)
2025-05-07 14:23:03,621 [INFO] RulesReader:64 - Compatibility file has been processed (302 Rules)
2025-05-07 14:23:03,636 [INFO] CADModel:165 - CPN selected for project level
2025-05-07 14:23:03,637 [INFO] CADModel:114 - Register for checkConnection events
2025-05-07 14:23:03,637 [FATAL] Updater:351 - Updater called before beeing initialized
2025-05-07 14:23:03,637 [ERROR] CADModel:125 - Updater not yet initialized, retry later 
2025-05-07 14:23:03,803 [FATAL] Updater:351 - Updater called before beeing initialized
2025-05-07 14:23:03,805 [INFO] CADModel:165 - CPN selected for project level
2025-05-07 14:23:03,805 [INFO] CADModel:114 - Register for checkConnection events
2025-05-07 14:23:03,805 [FATAL] Updater:351 - Updater called before beeing initialized
2025-05-07 14:23:03,805 [ERROR] CADModel:125 - Updater not yet initialized, retry later 
2025-05-07 14:23:03,807 [FATAL] Updater:351 - Updater called before beeing initialized
2025-05-07 14:23:03,902 [FATAL] Updater:351 - Updater called before beeing initialized
2025-05-07 14:23:03,915 [INFO] DbMcusAds:53 - JSON generation date=Wed May 07 02:07:55 PDT 2025 (1746608875513)
2025-05-07 14:23:03,915 [FATAL] Updater:351 - Updater called before beeing initialized
2025-05-07 14:23:03,945 [WARN] DetailPanel:346 - Failed to get advertising image, set to default
2025-05-07 14:23:04,160 [FATAL] Updater:351 - Updater called before beeing initialized
2025-05-07 14:23:04,162 [FATAL] Updater:351 - Updater called before beeing initialized
2025-05-07 14:23:04,162 [FATAL] Updater:351 - Updater called before beeing initialized
2025-05-07 14:23:04,162 [WARN] DetailPanel:346 - Failed to get advertising image, set to default
2025-05-07 14:23:04,164 [FATAL] Updater:351 - Updater called before beeing initialized
2025-05-07 14:23:04,252 [ERROR] Updater:1198 - MainUpdater not yet initialized. External WinMGr cannot be set.
2025-05-07 14:23:04,267 [INFO] Updater:1134 - Updater Version found : 6.14.1
2025-05-07 14:23:04,283 [INFO] ApplicationProperties:184 - Using Application install path: C:\ST\STM32CubeIDE_1.17.0\STM32CubeIDE\plugins\com.st.stm32cube.common.mx_6.14.1.202504091515
2025-05-07 14:23:04,640 [INFO] MainUpdater:2872 - connection check result : 10
2025-05-07 14:23:04,641 [INFO] MainUpdater:289 - Updater Check For Update Now.
2025-05-07 14:23:04,641 [INFO] MicroXplorer:498 - Change Database Version : DB.6.0.141
2025-05-07 14:23:04,657 [INFO] McuFinderGlobals:63 - Set McuFinder mode to 2 (CubeIDE integrated)
2025-05-07 14:23:04,666 [INFO] UserAuth:484 - Internet connection configuration mode: 1
2025-05-07 14:23:04,704 [INFO] JxBrowserEngine:152 - Initiate JxBrowser Engine with user profile folder
2025-05-07 14:23:04,882 [INFO] CheckServerUpdateThread:120 - End of CheckServer Thread
2025-05-07 14:23:06,089 [INFO] WebApp:169 - Instantiating new browser for Auth
2025-05-07 14:23:06,723 [WARN] PackLoader:240 - Cannot read IP mode file for STMicroelectronics.FP-SNS-MOTENVWB1.1.4.0
2025-05-07 14:23:06,742 [WARN] PackLoader:240 - Cannot read IP mode file for STMicroelectronics.FP-ATR-ASTRA1.2.0.2
2025-05-07 14:23:06,748 [WARN] PackLoader:240 - Cannot read IP mode file for STMicroelectronics.FP-ATR-ASTRA1.2.0.1
2025-05-07 14:23:06,773 [WARN] PackLoader:240 - Cannot read IP mode file for STMicroelectronics.X-CUBE-SMBUS.2.1.0
2025-05-07 14:23:06,799 [WARN] PackLoader:240 - Cannot read IP mode file for STMicroelectronics.X-CUBE-WB05N.1.1.0
2025-05-07 14:23:07,002 [WARN] PackLoader:240 - Cannot read IP mode file for STMicroelectronics.X-CUBE-AZRTOS-F7.1.1.0
2025-05-07 14:23:07,029 [WARN] PackLoader:240 - Cannot read IP mode file for STMicroelectronics.FP-SNS-FLIGHT1.5.0.2
2025-05-07 14:23:07,068 [INFO] WebApp:463 - Apply proxy settings
2025-05-07 14:23:07,068 [INFO] WebApp:548 - Chromium requires no authentication
2025-05-07 14:23:07,083 [INFO] WebApp:491 - Direct internet connection detected
2025-05-07 14:23:07,085 [WARN] PackLoader:240 - Cannot read IP mode file for Infineon.AIROC-Wi-Fi-Bluetooth-STM32.1.7.0
2025-05-07 14:23:07,114 [WARN] PackLoader:240 - Cannot read IP mode file for STMicroelectronics.X-CUBE-DISPLAY.3.0.0
2025-05-07 14:23:07,133 [WARN] PackLoader:240 - Cannot read IP mode file for STMicroelectronics.X-CUBE-BLE1.7.0.0
2025-05-07 14:23:07,151 [WARN] PackLoader:240 - Cannot read IP mode file for STMicroelectronics.X-CUBE-NFC10.1.0.0
2025-05-07 14:23:07,160 [INFO] WebApp:894 - Register for checkConnection events
2025-05-07 14:23:07,160 [INFO] WebApp:463 - Apply proxy settings
2025-05-07 14:23:07,160 [INFO] WebApp:548 - Chromium requires no authentication
2025-05-07 14:23:07,163 [INFO] WebApp:491 - Direct internet connection detected
2025-05-07 14:23:07,172 [WARN] PackLoader:240 - Cannot read IP mode file for STMicroelectronics.X-CUBE-BLEMGR.4.0.0
2025-05-07 14:23:07,298 [INFO] WebApp:191 - Connection restablished
2025-05-07 14:23:07,301 [WARN] PackLoader:240 - Cannot read IP mode file for emotas.I-CUBE-CANOPEN.1.3.0
2025-05-07 14:23:07,320 [WARN] PackLoader:240 - Cannot read IP mode file for STMicroelectronics.X-CUBE-AI.10.0.0
2025-05-07 14:23:07,340 [WARN] PackLoader:240 - Cannot read IP mode file for STMicroelectronics.FP-SNS-SMARTAG2.1.2.0
2025-05-07 14:23:07,346 [WARN] PackLoader:240 - Cannot read IP mode file for STMicroelectronics.FP-SNS-FLIGHT1.5.1.0
2025-05-07 14:23:07,430 [WARN] PackLoader:240 - Cannot read IP mode file for STMicroelectronics.X-CUBE-MEMS1.11.1.0
2025-05-07 14:23:07,580 [INFO] LogOutputStream:77 - [STDOUT_REDIRECT] 1 : Invalid condition id : UX_CORESTACK_Condition cause : null
2025-05-07 14:23:07,581 [INFO] LogOutputStream:77 - [STDOUT_REDIRECT] 1 : Invalid condition id : UX_CORESTACK_Condition cause : null
2025-05-07 14:23:07,582 [INFO] LogOutputStream:77 - [STDOUT_REDIRECT] 1 : Invalid condition id : UX_CORESTACK_Condition cause : null
2025-05-07 14:23:07,584 [INFO] LogOutputStream:77 - [STDOUT_REDIRECT] 1 : Invalid condition id : UX_CORESTACK_Condition cause : null
2025-05-07 14:23:07,586 [INFO] LogOutputStream:77 - [STDOUT_REDIRECT] 1 : Invalid condition id : UX_CORESTACK_Condition cause : null
2025-05-07 14:23:07,590 [WARN] PackLoader:240 - Cannot read IP mode file for STMicroelectronics.X-CUBE-AZRTOS-WL.2.0.0
2025-05-07 14:23:07,618 [WARN] PackLoader:240 - Cannot read IP mode file for STMicroelectronics.FP-SNS-MOTENV1.5.0.0
2025-05-07 14:23:07,628 [WARN] PackLoader:240 - Cannot read IP mode file for wolfSSL.I-CUBE-wolfMQTT.1.19.0
2025-05-07 14:23:07,650 [INFO] WebApp:225 - Starting web application
2025-05-07 14:23:07,650 [INFO] WebApp:593 - Web application path used C:\ST\STM32CubeIDE_1.17.0\STM32CubeIDE\plugins\com.st.stm32cube.common.mx_6.14.1.202504091515\db\plugins\mcufinder\reactClient1\index.html
2025-05-07 14:23:07,656 [WARN] PackLoader:240 - Cannot read IP mode file for WES.I-CUBE-Cesium.1.3.0
2025-05-07 14:23:07,682 [WARN] PackLoader:240 - Cannot read IP mode file for STMicroelectronics.X-CUBE-BLE2.3.3.0
2025-05-07 14:23:07,703 [WARN] PackLoader:240 - Cannot read IP mode file for STMicroelectronics.X-CUBE-NFC9.1.0.0
2025-05-07 14:23:07,720 [WARN] PackLoader:240 - Cannot read IP mode file for STMicroelectronics.X-CUBE-BLE1.7.1.0
2025-05-07 14:23:07,790 [WARN] PackLoader:240 - Cannot read IP mode file for STMicroelectronics.X-CUBE-MEMS1.11.2.0
2025-05-07 14:23:07,896 [INFO] UserAuth:484 - Internet connection configuration mode: 1
2025-05-07 14:23:07,982 [WARN] PackLoader:240 - Cannot read IP mode file for STMicroelectronics.X-CUBE-AZRTOS-G0.1.1.0
2025-05-07 14:23:08,010 [WARN] PackLoader:240 - Cannot read IP mode file for STMicroelectronics.X-CUBE-SAFEA1.1.2.2
2025-05-07 14:23:08,034 [WARN] PackLoader:240 - Cannot read IP mode file for STMicroelectronics.X-CUBE-NFC4.3.0.0
2025-05-07 14:23:08,057 [WARN] PackLoader:240 - Cannot read IP mode file for EmbeddedOffice.I-CUBE-FS-RTOS.1.0.1
2025-05-07 14:23:08,072 [WARN] PackLoader:240 - Cannot read IP mode file for STMicroelectronics.X-CUBE-WB05N.2.0.0
2025-05-07 14:23:08,088 [WARN] PackLoader:240 - Cannot read IP mode file for STMicroelectronics.X-CUBE-TCPP.4.2.0
2025-05-07 14:23:08,109 [WARN] PackLoader:240 - Cannot read IP mode file for RealThread.X-CUBE-RT-Thread_Nano.4.1.1
2025-05-07 14:23:08,116 [WARN] PackLoader:240 - Cannot read IP mode file for STMicroelectronics.FP-ATR-SIGFOX1.3.2.0
2025-05-07 14:23:08,133 [WARN] ConditionMgr:438 - getConditionDescription Invalid condition id : Cortex-A Device cause : null
2025-05-07 14:23:08,142 [WARN] ConditionMgr:1044 - genDependencies : Invalid condition id : Cortex-A Device cause : null
2025-05-07 14:23:08,142 [WARN] ConditionMgr:1044 - genDependencies : Invalid condition id : Cortex-A Device cause : null
2025-05-07 14:23:08,142 [WARN] ConditionMgr:1044 - genDependencies : Invalid condition id : Cortex-A Device cause : null
2025-05-07 14:23:08,158 [WARN] PackLoader:240 - Cannot read IP mode file for STMicroelectronics.X-CUBE-EEPRMA1.5.1.0
2025-05-07 14:23:08,172 [WARN] PackLoader:240 - Cannot read IP mode file for wolfSSL.I-CUBE-wolfSSL.5.7.6
2025-05-07 14:23:08,198 [WARN] PackLoader:240 - Cannot read IP mode file for ITTIA_DB.I-CUBE-ITTIADB.8.9.0
2025-05-07 14:23:08,245 [WARN] PackLoader:240 - Cannot read IP mode file for SEGGER.I-CUBE-embOS.1.3.1
2025-05-07 14:23:08,287 [WARN] PackLoader:240 - Cannot read IP mode file for STMicroelectronics.X-CUBE-ALGOBUILD.1.4.0
2025-05-07 14:23:08,315 [WARN] PackLoader:240 - Cannot read IP mode file for STMicroelectronics.X-CUBE-AZRTOS-F4.1.1.0
2025-05-07 14:23:08,330 [WARN] PackLoader:240 - Cannot read IP mode file for Avnet-IotConnect.X-CUBE-IoTC-DA16k-PMOD.1.0.0
2025-05-07 14:23:08,345 [WARN] PackLoader:240 - Cannot read IP mode file for STMicroelectronics.X-CUBE-ISPU.2.1.0
2025-05-07 14:23:08,369 [WARN] PackLoader:240 - Cannot read IP mode file for STMicroelectronics.X-CUBE-AZRTOS-L5.2.0.0
2025-05-07 14:23:08,389 [WARN] PackLoader:240 - Cannot read IP mode file for STMicroelectronics.X-CUBE-NFC6.3.1.0
2025-05-07 14:23:08,420 [WARN] PackLoader:240 - Cannot read IP mode file for STMicroelectronics.X-CUBE-DPower.1.2.0
2025-05-07 14:23:08,437 [WARN] PackLoader:240 - Cannot read IP mode file for STMicroelectronics.X-CUBE-FREERTOS.1.3.1
2025-05-07 14:23:08,451 [WARN] PackLoader:240 - Cannot read IP mode file for STMicroelectronics.X-CUBE-FREERTOS.1.3.0
2025-05-07 14:23:08,467 [WARN] PackLoader:240 - Cannot read IP mode file for STMicroelectronics.X-CUBE-NFC7.1.0.1
2025-05-07 14:23:08,482 [WARN] PackLoader:240 - Cannot read IP mode file for STMicroelectronics.X-CUBE-DPower.1.3.0
2025-05-07 14:23:08,513 [WARN] ConditionMgr:438 - getConditionDescription Invalid condition id : LAN8742 Phy interface Condition cause : null
2025-05-07 14:23:08,514 [WARN] PackLoader:240 - Cannot read IP mode file for STMicroelectronics.X-CUBE-AZRTOS-L4.2.0.0
2025-05-07 14:23:08,515 [WARN] ConditionMgr:1044 - genDependencies : Invalid condition id : LAN8742 Phy interface Condition cause : null
2025-05-07 14:23:08,516 [WARN] ConditionMgr:1044 - genDependencies : Invalid condition id : LAN8742 Phy interface Condition cause : null
2025-05-07 14:23:08,516 [WARN] ConditionMgr:1044 - genDependencies : Invalid condition id : LAN8742 Phy interface Condition cause : null
2025-05-07 14:23:08,540 [WARN] PackLoader:240 - Cannot read IP mode file for STMicroelectronics.X-CUBE-SFXS2LP1.4.0.0
2025-05-07 14:23:08,568 [WARN] PackLoader:240 - Cannot read IP mode file for STMicroelectronics.X-CUBE-AZRTOS-H7.3.3.0
2025-05-07 14:23:08,592 [WARN] ConditionMgr:438 - getConditionDescription Invalid condition id : UX DEVICE CLASS RTOS Condition cause : null
2025-05-07 14:23:08,592 [WARN] ConditionMgr:438 - getConditionDescription Invalid condition id : UX DEVICE CLASS RTOS Condition cause : null
2025-05-07 14:23:08,593 [WARN] PackLoader:240 - Cannot read IP mode file for STMicroelectronics.X-CUBE-AZRTOS-WB.2.0.0
2025-05-07 14:23:08,593 [WARN] ConditionMgr:1044 - genDependencies : Invalid condition id : UX DEVICE CLASS RTOS Condition cause : null
2025-05-07 14:23:08,593 [WARN] ConditionMgr:1044 - genDependencies : Invalid condition id : UX DEVICE CLASS RTOS Condition cause : null
2025-05-07 14:23:08,594 [WARN] ConditionMgr:1044 - genDependencies : Invalid condition id : UX DEVICE CLASS RTOS Condition cause : null
2025-05-07 14:23:08,594 [WARN] ConditionMgr:1044 - genDependencies : Invalid condition id : UX DEVICE CLASS RTOS Condition cause : null
2025-05-07 14:23:08,594 [WARN] ConditionMgr:1044 - genDependencies : Invalid condition id : UX DEVICE CLASS RTOS Condition cause : null
2025-05-07 14:23:08,615 [WARN] PackLoader:240 - Cannot read IP mode file for STMicroelectronics.X-CUBE-GNSS1.7.0.1
2025-05-07 14:23:08,635 [WARN] PackLoader:240 - Cannot read IP mode file for STMicroelectronics.X-CUBE-TOUCHGFX.4.25.0
2025-05-07 14:23:08,653 [WARN] PackLoader:240 - Cannot read IP mode file for STMicroelectronics.FP-SNS-STBOX1.2.0.0
2025-05-07 14:23:08,676 [WARN] PackLoader:240 - Cannot read IP mode file for STMicroelectronics.X-CUBE-SUBG2.5.0.0
2025-05-07 14:23:08,704 [WARN] PackLoader:240 - Cannot read IP mode file for STMicroelectronics.X-CUBE-AZRTOS-H7RS.1.1.0
2025-05-07 14:23:08,711 [WARN] PackLoader:240 - Cannot read IP mode file for Cesanta.I-CUBE-Mongoose.7.13.0
2025-05-07 14:23:08,738 [WARN] PackLoader:240 - Cannot read IP mode file for STMicroelectronics.X-CUBE-AZRTOS-G4.2.0.0
2025-05-07 14:23:08,754 [WARN] PackLoader:240 - Cannot read IP mode file for STMicroelectronics.X-CUBE-NFC7.2.0.0
2025-05-07 14:23:08,775 [WARN] PackLoader:240 - Cannot read IP mode file for STMicroelectronics.X-CUBE-IPS.3.1.0
2025-05-07 14:23:08,799 [WARN] PackLoader:240 - Cannot read IP mode file for STMicroelectronics.X-CUBE-ALS.1.0.2
2025-05-07 14:23:08,813 [WARN] PackLoader:240 - Cannot read IP mode file for STMicroelectronics.X-CUBE-TOUCHGFX.4.24.2
2025-05-07 14:23:08,827 [WARN] PackLoader:240 - Cannot read IP mode file for wolfSSL.I-CUBE-wolfTPM.3.4.0
2025-05-07 14:23:08,847 [WARN] PackLoader:240 - Cannot read IP mode file for portGmbH.I-Cube-SoM-uGOAL.1.1.0
2025-05-07 14:23:08,874 [WARN] PackLoader:240 - Cannot read IP mode file for STMicroelectronics.X-CUBE-AZRTOS-H7RS.1.0.0
2025-05-07 14:23:08,892 [WARN] PackLoader:240 - Cannot read IP mode file for STMicroelectronics.X-CUBE-TOF1.3.4.2
2025-05-07 14:23:08,916 [WARN] PackLoader:240 - Cannot read IP mode file for STMicroelectronics.X-CUBE-TOF1.3.4.3
2025-05-07 14:23:08,929 [WARN] PackLoader:240 - Cannot read IP mode file for wolfSSL.I-CUBE-wolfSSH.1.4.17
2025-05-07 14:23:08,930 [INFO] ThirdParty:978 - Integrity check success = true
2025-05-07 14:23:08,930 [INFO] IntegrityCheckThread:100 - exiting critical section [integrity check]
2025-05-07 14:23:08,930 [INFO] IntegrityCheckThread:103 - End integrity checks thread
2025-05-07 14:23:16,997 [ERROR] LogOutputStream:75 - [STDERR_REDIRECT] 
