2025-02-28 10:01:20,874 [INFO] WebApp:190 - Connection lost
2025-02-28 10:01:24,832 [INFO] WebApp:187 - Connection restablished
2025-02-28 10:01:27,996 [INFO] WebApp:190 - Connection lost
2025-02-28 10:01:28,197 [INFO] WebApp:187 - Connection restablished
2025-02-28 12:43:30,510 [INFO] MainUpdater:2872 - connection check result : 10
2025-02-28 12:43:30,511 [INFO] MainUpdater:2872 - connection check result : 10
2025-02-28 12:43:30,681 [INFO] I2cTimingTraitement:330 - 0x00303D5B
2025-02-28 12:43:30,699 [INFO] MicroXplorer:468 - Change Database Path : 
2025-02-28 12:43:30,699 [INFO] MicroXplorer:498 - Change Database Version : DB.6.0.130
2025-02-28 12:43:30,785 [ERROR] ProjectManagerView:394 - 
java.lang.NullPointerException: Cannot invoke "javax.swing.JTextField.getText()" because the return value of "java.util.List.get(int)" is null
	at com.st.microxplorer.plugins.projectmanager.gui.ProjectChoiceTab$9.caretUpdate(ProjectChoiceTab.java:2616) ~[filemanager.jar:?]
	at javax.swing.text.JTextComponent.fireCaretUpdate(JTextComponent.java:408) ~[?:?]
	at javax.swing.text.JTextComponent$MutableCaretEvent.fire(JTextComponent.java:4484) ~[?:?]
	at javax.swing.text.JTextComponent$MutableCaretEvent.stateChanged(JTextComponent.java:4506) ~[?:?]
	at javax.swing.text.DefaultCaret.fireStateChanged(DefaultCaret.java:857) ~[?:?]
	at javax.swing.text.DefaultCaret.changeCaretPosition(DefaultCaret.java:1343) ~[?:?]
	at javax.swing.text.DefaultCaret.handleSetDot(DefaultCaret.java:1242) ~[?:?]
	at javax.swing.text.DefaultCaret.setDot(DefaultCaret.java:1223) ~[?:?]
	at javax.swing.text.DefaultCaret$Handler.insertUpdate(DefaultCaret.java:1819) ~[?:?]
	at javax.swing.text.AbstractDocument.fireInsertUpdate(AbstractDocument.java:227) ~[?:?]
	at javax.swing.text.AbstractDocument.handleInsertString(AbstractDocument.java:781) ~[?:?]
	at javax.swing.text.AbstractDocument.insertString(AbstractDocument.java:740) ~[?:?]
	at javax.swing.text.PlainDocument.insertString(PlainDocument.java:131) ~[?:?]
	at javax.swing.text.AbstractDocument.replace(AbstractDocument.java:699) ~[?:?]
	at javax.swing.text.JTextComponent.setText(JTextComponent.java:1725) ~[?:?]
	at com.st.microxplorer.plugins.projectmanager.gui.ProjectChoiceTab.createHeapStackFields(ProjectChoiceTab.java:975) ~[filemanager.jar:?]
	at com.st.microxplorer.plugins.projectmanager.gui.ProjectChoiceTab.buildLinkSettingsPanel(ProjectChoiceTab.java:3666) ~[filemanager.jar:?]
	at com.st.microxplorer.plugins.projectmanager.gui.ProjectChoiceTab.defineWindowsFields(ProjectChoiceTab.java:1934) ~[filemanager.jar:?]
	at com.st.microxplorer.plugins.projectmanager.gui.ProjectChoiceTab.updateSettings(ProjectChoiceTab.java:553) ~[filemanager.jar:?]
	at com.st.microxplorer.plugins.projectmanager.gui.ProjectSettingsPanel.UpdateDialog(ProjectSettingsPanel.java:245) ~[filemanager.jar:?]
	at com.st.microxplorer.plugins.projectmanager.ProjectManagerView.propertyChange(ProjectManagerView.java:391) ~[filemanager.jar:?]
	at java.beans.PropertyChangeSupport.fire(PropertyChangeSupport.java:343) ~[?:?]
	at java.beans.PropertyChangeSupport.firePropertyChange(PropertyChangeSupport.java:335) ~[?:?]
	at java.beans.PropertyChangeSupport.firePropertyChange(PropertyChangeSupport.java:268) ~[?:?]
	at com.st.microxplorer.util.MXPropertyChangeSupport.firePropertyChange(MXPropertyChangeSupport.java:54) ~[STM32CubeMX.jar:?]
	at com.st.microxplorer.mxsystem.MxSystem.closeConfig(MxSystem.java:899) ~[STM32CubeMX.jar:?]
	at com.st.microxplorer.maingui.MainPanel.closeConfig(MainPanel.java:789) ~[STM32CubeMX.jar:?]
	at com.st.microxplorer.plugins.filemanager.engine.OpenFileManager.loadConfigurationFile(OpenFileManager.java:265) ~[filemanager.jar:?]
	at com.st.microxplorer.plugins.filemanager.engine.MainFileManager.userLoadConfig(MainFileManager.java:340) ~[filemanager.jar:?]
	at com.st.microxplorer.plugins.filemanager.engine.MainFileManager.userLoadConfig(MainFileManager.java:318) ~[filemanager.jar:?]
	at com.st.microxplorer.plugins.filemanager.FileManagerView.getSpecificTask(FileManagerView.java:246) ~[filemanager.jar:?]
	at com.st.stm32cube.common.mx.editor.CubeMxEditor.getMxTabbedPaneInstance(CubeMxEditor.java:1198) ~[com.st.stm32cube.common.mx_6.13.0.202411220809/:?]
	at com.st.stm32cube.common.mx.editor.CubeMxEditor$12$1.createSwingComponent(CubeMxEditor.java:1068) ~[com.st.stm32cube.common.mx_6.13.0.202411220809/:?]
	at com.st.stm32cube.common.mx.oss.core.awtswtbridge.EmbeddedSwingComposite.doComponentCreation(EmbeddedSwingComposite.java:492) ~[com.st.stm32cube.common.mx.oss_6.13.0.202411220809/:?]
	at com.st.stm32cube.common.mx.oss.core.awtswtbridge.EmbeddedSwingComposite$4.run(EmbeddedSwingComposite.java:291) ~[com.st.stm32cube.common.mx.oss_6.13.0.202411220809/:?]
	at com.st.stm32cube.common.mx.oss.core.awtswtbridge.AwtEnvironment$2.run(AwtEnvironment.java:166) ~[com.st.stm32cube.common.mx.oss_6.13.0.202411220809/:?]
	at java.awt.event.InvocationEvent.dispatch(InvocationEvent.java:318) ~[?:?]
	at java.awt.EventQueue.dispatchEventImpl(EventQueue.java:773) ~[?:?]
	at java.awt.EventQueue$4.run(EventQueue.java:720) ~[?:?]
	at java.awt.EventQueue$4.run(EventQueue.java:714) ~[?:?]
	at java.security.AccessController.doPrivileged(AccessController.java:400) ~[?:?]
	at java.security.ProtectionDomain$JavaSecurityAccessImpl.doIntersectionPrivilege(ProtectionDomain.java:87) ~[?:?]
	at java.awt.EventQueue.dispatchEvent(EventQueue.java:742) ~[?:?]
	at java.awt.EventDispatchThread.pumpOneEventForFilters(EventDispatchThread.java:203) ~[?:?]
	at java.awt.EventDispatchThread.pumpEventsForFilter(EventDispatchThread.java:124) ~[?:?]
	at java.awt.EventDispatchThread.pumpEventsForHierarchy(EventDispatchThread.java:113) ~[?:?]
	at java.awt.EventDispatchThread.pumpEvents(EventDispatchThread.java:109) ~[?:?]
	at java.awt.EventDispatchThread.pumpEvents(EventDispatchThread.java:101) ~[?:?]
	at java.awt.EventDispatchThread.run(EventDispatchThread.java:90) ~[?:?]
2025-02-28 12:43:30,790 [WARN] ThirdParty:871 - waiting for thirdparty lock release [close project]
2025-02-28 12:43:30,790 [INFO] ThirdParty:873 - entering critical section [close project]
2025-02-28 12:43:30,790 [INFO] ThirdParty:883 - exiting critical section [close project]
2025-02-28 12:43:30,793 [INFO] PinOutPanel:1589 - setPackage(No Configuration,No Configuration)
2025-02-28 12:43:30,821 [WARN] IpParametersView:154 - Warning: This peripheral hasn't parameters
2025-02-28 12:43:30,845 [WARN] MainPanel:289 - <html><b><center>Warning: This peripheral has no parameters to be configured<br></b></html>
2025-02-28 12:43:30,846 [ERROR] MainPanel:599 - java.lang.IndexOutOfBoundsException: Index: 0, Tab count: 0
2025-02-28 12:43:30,932 [INFO] UtilMem:75 - Begin LoadConfig() Used Memory: 410613336 Bytes (699400192)
2025-02-28 12:43:30,935 [INFO] MicroXplorer:468 - Change Database Path : 
2025-02-28 12:43:30,935 [INFO] MicroXplorer:498 - Change Database Version : DB.6.0.130
2025-02-28 12:43:30,935 [INFO] OpenFileManager:332 - Change cursor
2025-02-28 12:43:31,006 [INFO] RulesReader:64 - Compatibility file has been processed (297 Rules)
2025-02-28 12:43:31,028 [INFO] Mcu:2035 - Initializing MCU STM32WB05KZVx STM32WB05KZVx STM32WB05KZV6TR
2025-02-28 12:43:32,236 [INFO] Context:748 - Trying to add GPIOservice into a context  which must be forbidden
2025-02-28 12:43:32,670 [INFO] ApiDbMcu:508 - Load IP Config File for NUCLEO-WB05KZ
2025-02-28 12:43:32,786 [INFO] RtosManager:555 - Registered RTOS mode: class=CMSIS, group=RTOS, mode=CMSIS_V1, owner=FREERTOS
2025-02-28 12:43:32,786 [INFO] RtosManager:555 - Registered RTOS mode: class=CMSIS, group=RTOS2, mode=CMSIS_V2, owner=FREERTOS
2025-02-28 12:43:32,787 [INFO] RtosManager:555 - Registered RTOS mode: class=RTOS, group=Core, mode=CMSIS_V1, owner=FREERTOS
2025-02-28 12:43:32,787 [INFO] RtosManager:555 - Registered RTOS mode: class=RTOS, group=Core, mode=CMSIS_V2, owner=FREERTOS
2025-02-28 12:43:32,787 [WARN] ModelIntegratedComponent:184 - Missing modes for component STMicroelectronics:FreeRTOS:0.0.1:STMicroelectronics:RTOS:FreeRTOS:Core:::10.2.0:
2025-02-28 12:43:32,802 [WARN] ModelIntegratedComponent:63 - No mode defined for component null
2025-02-28 12:43:32,803 [WARN] ModelIntegratedComponent:63 - No mode defined for component null
2025-02-28 12:43:32,803 [WARN] ModelIntegratedComponent:63 - No mode defined for component null
2025-02-28 12:43:32,803 [WARN] ModelIntegratedComponent:63 - No mode defined for component null
2025-02-28 12:43:32,804 [WARN] ModelIntegratedComponent:63 - No mode defined for component null
2025-02-28 12:43:32,804 [WARN] ModelIntegratedComponent:63 - No mode defined for component null
2025-02-28 12:43:32,804 [WARN] ModelIntegratedComponent:63 - No mode defined for component null
2025-02-28 12:43:32,804 [WARN] ModelIntegratedComponent:63 - No mode defined for component null
2025-02-28 12:43:32,804 [WARN] ModelIntegratedComponent:63 - No mode defined for component null
2025-02-28 12:43:32,804 [WARN] ModelIntegratedComponent:63 - No mode defined for component null
2025-02-28 12:43:32,804 [WARN] ModelIntegratedComponent:63 - No mode defined for component null
2025-02-28 12:43:32,805 [WARN] ModelIntegratedComponent:63 - No mode defined for component null
2025-02-28 12:43:32,805 [WARN] ModelIntegratedComponent:63 - No mode defined for component null
2025-02-28 12:43:32,805 [WARN] ModelIntegratedComponent:63 - No mode defined for component null
2025-02-28 12:43:32,805 [WARN] ModelIntegratedComponent:63 - No mode defined for component null
2025-02-28 12:43:32,805 [WARN] ModelIntegratedComponent:63 - No mode defined for component null
2025-02-28 12:43:32,806 [WARN] ModelIntegratedComponent:63 - No mode defined for component null
2025-02-28 12:43:32,806 [WARN] ModelIntegratedComponent:63 - No mode defined for component null
2025-02-28 12:43:32,806 [WARN] ModelIntegratedComponent:63 - No mode defined for component null
2025-02-28 12:43:32,806 [WARN] ModelIntegratedComponent:63 - No mode defined for component null
2025-02-28 12:43:32,806 [WARN] ModelIntegratedComponent:63 - No mode defined for component null
2025-02-28 12:43:32,806 [WARN] ModelIntegratedComponent:63 - No mode defined for component null
2025-02-28 12:43:32,806 [WARN] ModelIntegratedComponent:63 - No mode defined for component null
2025-02-28 12:43:32,806 [WARN] ModelIntegratedComponent:63 - No mode defined for component null
2025-02-28 12:43:32,806 [WARN] ModelIntegratedComponent:63 - No mode defined for component null
2025-02-28 12:43:32,806 [WARN] ModelIntegratedComponent:63 - No mode defined for component null
2025-02-28 12:43:32,806 [WARN] ModelIntegratedComponent:63 - No mode defined for component null
2025-02-28 12:43:32,806 [WARN] ModelIntegratedComponent:63 - No mode defined for component null
2025-02-28 12:43:32,806 [WARN] ModelIntegratedComponent:63 - No mode defined for component null
2025-02-28 12:43:32,806 [WARN] ModelIntegratedComponent:63 - No mode defined for component null
2025-02-28 12:43:32,806 [WARN] ModelIntegratedComponent:63 - No mode defined for component null
2025-02-28 12:43:32,806 [WARN] ModelIntegratedComponent:63 - No mode defined for component null
2025-02-28 12:43:32,806 [WARN] ModelIntegratedComponent:63 - No mode defined for component null
2025-02-28 12:43:32,806 [WARN] ModelIntegratedComponent:63 - No mode defined for component null
2025-02-28 12:43:32,806 [WARN] ModelIntegratedComponent:63 - No mode defined for component null
2025-02-28 12:43:32,806 [WARN] ModelPack:524 - Component already loaded: STMicroelectronics:HAL Drivers:0.0.0:STMicroelectronics:Device:STMicro_Driver:XSPI:HAL::0.0.1:HAL_XSPI
2025-02-28 12:43:32,977 [INFO] ThirdPartyModel:298 - Start build external matchings
2025-02-28 12:43:33,175 [INFO] ThirdPartyModel:316 - End build external matchings
2025-02-28 12:43:33,389 [INFO] UtilMem:75 - End LoadConfig() Used Memory: 611016528 Bytes (699400192)
2025-02-28 12:43:33,495 [WARN] ThirdParty:833 - waiting for thirdparty lock release [change project]
2025-02-28 12:43:33,496 [INFO] ThirdParty:835 - entering critical section [change project]
2025-02-28 12:43:33,496 [INFO] ThirdParty:1030 - CMSIS Pack Vendor :STMicroelectronics USBPD 4.1
2025-02-28 12:43:33,496 [INFO] ThirdParty:1030 - CMSIS Pack Vendor :STMicroelectronics X-CUBE-AZRTOS-H7 3.3.0
2025-02-28 12:43:33,496 [INFO] ThirdParty:1030 - CMSIS Pack Vendor :STMicroelectronics X-CUBE-NFC9 1.0.0
2025-02-28 12:43:33,496 [INFO] ThirdParty:1030 - CMSIS Pack Vendor :STMicroelectronics USB_HOST 2.0.0
2025-02-28 12:43:33,497 [INFO] ThirdParty:1030 - CMSIS Pack Vendor :STMicroelectronics FP-SNS-MOTENVWB1 1.4.0
2025-02-28 12:43:33,497 [INFO] ThirdParty:1030 - CMSIS Pack Vendor :STMicroelectronics X-CUBE-AZRTOS-F4 1.1.0
2025-02-28 12:43:33,497 [INFO] ThirdParty:1030 - CMSIS Pack Vendor :STMicroelectronics LIBJPEG 8.0.0
2025-02-28 12:43:33,497 [INFO] ThirdParty:1030 - CMSIS Pack Vendor :STMicroelectronics FP-ATR-ASTRA1 2.0.2
2025-02-28 12:43:33,497 [INFO] ThirdParty:1030 - CMSIS Pack Vendor :STMicroelectronics FP-ATR-ASTRA1 2.0.1
2025-02-28 12:43:33,498 [INFO] ThirdParty:1030 - CMSIS Pack Vendor :STMicroelectronics X-CUBE-SMBUS 2.1.0
2025-02-28 12:43:33,498 [INFO] ThirdParty:1030 - CMSIS Pack Vendor :STMicroelectronics X-CUBE-WB05N 1.1.0
2025-02-28 12:43:33,499 [INFO] ThirdParty:1030 - CMSIS Pack Vendor :STMicroelectronics USB_DEVICE 3.0.0
2025-02-28 12:43:33,499 [INFO] ThirdParty:1030 - CMSIS Pack Vendor :STMicroelectronics X-CUBE-ISPU 2.1.0
2025-02-28 12:43:33,499 [INFO] ThirdParty:1030 - CMSIS Pack Vendor :STMicroelectronics X-CUBE-AZRTOS-WB 2.0.0
2025-02-28 12:43:33,499 [INFO] ThirdParty:1030 - CMSIS Pack Vendor :STMicroelectronics X-CUBE-GNSS1 7.0.1
2025-02-28 12:43:33,499 [INFO] ThirdParty:1030 - CMSIS Pack Vendor :STMicroelectronics X-CUBE-AZRTOS-F7 1.1.0
2025-02-28 12:43:33,500 [INFO] ThirdParty:1030 - CMSIS Pack Vendor :STMicroelectronics X-CUBE-AZRTOS-L5 2.0.0
2025-02-28 12:43:33,500 [INFO] ThirdParty:1030 - CMSIS Pack Vendor :STMicroelectronics USB_DEVICE 2.0.0
2025-02-28 12:43:33,500 [INFO] ThirdParty:1030 - CMSIS Pack Vendor :STMicroelectronics X-CUBE-NFC6 3.1.0
2025-02-28 12:43:33,500 [INFO] ThirdParty:1030 - CMSIS Pack Vendor :STMicroelectronics FP-SNS-STBOX1 2.0.0
2025-02-28 12:43:33,500 [INFO] ThirdParty:1030 - CMSIS Pack Vendor :STMicroelectronics FreeRTOS 0.0.1
2025-02-28 12:43:33,500 [INFO] ThirdParty:1030 - CMSIS Pack Vendor :STMicroelectronics X-CUBE-AZRTOS-G0 1.1.0
2025-02-28 12:43:33,500 [INFO] ThirdParty:1030 - CMSIS Pack Vendor :STMicroelectronics X-CUBE-SAFEA1 1.2.2
2025-02-28 12:43:33,500 [INFO] ThirdParty:1030 - CMSIS Pack Vendor :STMicroelectronics X-CUBE-NFC4 3.0.0
2025-02-28 12:43:33,501 [INFO] ThirdParty:1030 - CMSIS Pack Vendor :STMicroelectronics X-CUBE-DPower 1.2.0
2025-02-28 12:43:33,501 [INFO] ThirdParty:1030 - CMSIS Pack Vendor :STMicroelectronics X-CUBE-SUBG2 5.0.0
2025-02-28 12:43:33,501 [INFO] ThirdParty:1030 - CMSIS Pack Vendor :STMicroelectronics STM32_WPAN 1.0.0
2025-02-28 12:43:33,501 [INFO] ThirdParty:1030 - CMSIS Pack Vendor :EmbeddedOffice I-CUBE-FS-RTOS 1.0.1
2025-02-28 12:43:33,501 [INFO] ThirdParty:1030 - CMSIS Pack Vendor :STMicroelectronics lwIP 2.0.3
2025-02-28 12:43:33,501 [INFO] ThirdParty:1030 - CMSIS Pack Vendor :STMicroelectronics FP-SNS-FLIGHT1 5.0.2
2025-02-28 12:43:33,501 [INFO] ThirdParty:1030 - CMSIS Pack Vendor :Cesanta I-CUBE-Mongoose 7.13.0
2025-02-28 12:43:33,501 [INFO] ThirdParty:1030 - CMSIS Pack Vendor :STMicroelectronics USB_HOST 1.0.0
2025-02-28 12:43:33,501 [INFO] ThirdParty:1030 - CMSIS Pack Vendor :Infineon AIROC-Wi-Fi-Bluetooth-STM32 1.7.0
2025-02-28 12:43:33,501 [INFO] ThirdParty:1030 - CMSIS Pack Vendor :STMicroelectronics X-CUBE-AZRTOS-G4 2.0.0
2025-02-28 12:43:33,501 [INFO] ThirdParty:1030 - CMSIS Pack Vendor :STMicroelectronics PDM2PCM 3.1.0
2025-02-28 12:43:33,501 [INFO] ThirdParty:1030 - CMSIS Pack Vendor :STMicroelectronics PDM2PCM 3.3.0
2025-02-28 12:43:33,501 [INFO] ThirdParty:1030 - CMSIS Pack Vendor :STMicroelectronics X-CUBE-DISPLAY 3.0.0
2025-02-28 12:43:33,501 [INFO] ThirdParty:1030 - CMSIS Pack Vendor :STMicroelectronics X-CUBE-TCPP 4.2.0
2025-02-28 12:43:33,501 [INFO] ThirdParty:1030 - CMSIS Pack Vendor :RealThread X-CUBE-RT-Thread_Nano 4.1.1
2025-02-28 12:43:33,502 [INFO] ThirdParty:1030 - CMSIS Pack Vendor :STMicroelectronics X-CUBE-BLE1 7.0.0
2025-02-28 12:43:33,502 [INFO] ThirdParty:1030 - CMSIS Pack Vendor :STMicroelectronics FP-ATR-SIGFOX1 3.2.0
2025-02-28 12:43:33,502 [INFO] ThirdParty:1030 - CMSIS Pack Vendor :STMicroelectronics X-CUBE-NFC10 1.0.0
2025-02-28 12:43:33,502 [INFO] ThirdParty:1030 - CMSIS Pack Vendor :quantropi X-CUBE-qispace-sdk-base 1.9.3
2025-02-28 12:43:33,502 [INFO] ThirdParty:1030 - CMSIS Pack Vendor :STMicroelectronics X-CUBE-BLEMGR 4.0.0
2025-02-28 12:43:33,502 [INFO] ThirdParty:1030 - CMSIS Pack Vendor :STMicroelectronics X-CUBE-EEPRMA1 5.1.0
2025-02-28 12:43:33,502 [INFO] ThirdParty:1030 - CMSIS Pack Vendor :STMicroelectronics HAL Drivers 0.0.0
2025-02-28 12:43:33,502 [INFO] ThirdParty:1030 - CMSIS Pack Vendor :STMicroelectronics MBEDTLS 2.16.2
2025-02-28 12:43:33,502 [INFO] ThirdParty:1030 - CMSIS Pack Vendor :STMicroelectronics X-CUBE-IPS 3.1.0
2025-02-28 12:43:33,502 [INFO] ThirdParty:1030 - CMSIS Pack Vendor :STMicroelectronics X-CUBE-ALS 1.0.2
2025-02-28 12:43:33,502 [INFO] ThirdParty:1030 - CMSIS Pack Vendor :emotas I-CUBE-CANOPEN 1.3.0
2025-02-28 12:43:33,502 [INFO] ThirdParty:1030 - CMSIS Pack Vendor :STMicroelectronics X-CUBE-FREERTOS 1.3.0
2025-02-28 12:43:33,502 [INFO] ThirdParty:1030 - CMSIS Pack Vendor :STMicroelectronics X-CUBE-NFC7 1.0.1
2025-02-28 12:43:33,502 [INFO] ThirdParty:1030 - CMSIS Pack Vendor :STMicroelectronics MBEDTLS 2.14.1
2025-02-28 12:43:33,502 [INFO] ThirdParty:1030 - CMSIS Pack Vendor :wolfSSL I-CUBE-wolfSSL 5.7.6
2025-02-28 12:43:33,502 [INFO] ThirdParty:1030 - CMSIS Pack Vendor :ITTIA_DB I-CUBE-ITTIADB 8.9.0
2025-02-28 12:43:33,502 [INFO] ThirdParty:1030 - CMSIS Pack Vendor :STMicroelectronics X-CUBE-TOUCHGFX 4.24.2
2025-02-28 12:43:33,503 [INFO] ThirdParty:1030 - CMSIS Pack Vendor :wolfSSL I-CUBE-wolfTPM 3.4.0
2025-02-28 12:43:33,503 [INFO] ThirdParty:1030 - CMSIS Pack Vendor :portGmbH I-Cube-SoM-uGOAL 1.1.0
2025-02-28 12:43:33,503 [INFO] ThirdParty:1030 - CMSIS Pack Vendor :STMicroelectronics X-CUBE-AI 10.0.0
2025-02-28 12:43:33,503 [INFO] ThirdParty:1030 - CMSIS Pack Vendor :STMicroelectronics ThreadX 1.0.0
2025-02-28 12:43:33,503 [INFO] ThirdParty:1030 - CMSIS Pack Vendor :STMicroelectronics FP-SNS-SMARTAG2 1.2.0
2025-02-28 12:43:33,503 [INFO] ThirdParty:1030 - CMSIS Pack Vendor :STMicroelectronics X-CUBE-MEMS1 11.1.0
2025-02-28 12:43:33,503 [INFO] ThirdParty:1030 - CMSIS Pack Vendor :STMicroelectronics X-CUBE-AZRTOS-WL 2.0.0
2025-02-28 12:43:33,503 [INFO] ThirdParty:1030 - CMSIS Pack Vendor :SEGGER I-CUBE-embOS 1.3.1
2025-02-28 12:43:33,503 [INFO] ThirdParty:1030 - CMSIS Pack Vendor :STMicroelectronics X-CUBE-ALGOBUILD 1.4.0
2025-02-28 12:43:33,503 [INFO] ThirdParty:1030 - CMSIS Pack Vendor :STMicroelectronics FP-SNS-MOTENV1 5.0.0
2025-02-28 12:43:33,503 [INFO] ThirdParty:1030 - CMSIS Pack Vendor :STMicroelectronics USB_DEVICE 1.0.0
2025-02-28 12:43:33,503 [INFO] ThirdParty:1030 - CMSIS Pack Vendor :STMicroelectronics X-CUBE-AZRTOS-H7RS 1.0.0
2025-02-28 12:43:33,503 [INFO] ThirdParty:1030 - CMSIS Pack Vendor :wolfSSL I-CUBE-wolfMQTT 1.19.0
2025-02-28 12:43:33,503 [INFO] ThirdParty:1030 - CMSIS Pack Vendor :STMicroelectronics X-CUBE-AZRTOS-L4 2.0.0
2025-02-28 12:43:33,503 [INFO] ThirdParty:1030 - CMSIS Pack Vendor :STMicroelectronics ThreadX 0.0.2
2025-02-28 12:43:33,503 [INFO] ThirdParty:1030 - CMSIS Pack Vendor :WES I-CUBE-Cesium 1.3.0
2025-02-28 12:43:33,503 [INFO] ThirdParty:1030 - CMSIS Pack Vendor :STMicroelectronics lwIP 2.1.2
2025-02-28 12:43:33,503 [INFO] ThirdParty:1030 - CMSIS Pack Vendor :STMicroelectronics X-CUBE-SFXS2LP1 4.0.0
2025-02-28 12:43:33,503 [INFO] ThirdParty:1030 - CMSIS Pack Vendor :STMicroelectronics X-CUBE-BLE2 3.3.0
2025-02-28 12:43:33,503 [INFO] ThirdParty:1030 - CMSIS Pack Vendor :STMicroelectronics X-CUBE-TOF1 3.4.2
2025-02-28 12:43:33,503 [INFO] ThirdParty:1030 - CMSIS Pack Vendor :STMicroelectronics PDM2PCM 3.2.0
2025-02-28 12:43:33,504 [INFO] ThirdParty:1030 - CMSIS Pack Vendor :wolfSSL I-CUBE-wolfSSH 1.4.17
2025-02-28 12:43:33,504 [INFO] ThirdParty:841 - exiting critical section [change project]
2025-02-28 12:43:33,659 [INFO] PinOutPanel:1589 - setPackage(No Configuration,No Configuration)
2025-02-28 12:43:33,661 [INFO] PinOutPanel:1589 - setPackage(STM32WB05KZVx,VFQFPN32)
2025-02-28 12:43:33,992 [INFO] UtilMem:75 - Before build in PCC Used Memory: 320845432 Bytes (699400192)
2025-02-28 12:43:34,358 [INFO] UtilMem:75 - After build in PCC Used Memory: 368031312 Bytes (699400192)
2025-02-28 12:43:34,380 [INFO] IPUIPlugin:80 - create IPUIPlugin
2025-02-28 12:43:34,380 [INFO] IPUIPlugin:80 - create IPUIPlugin
2025-02-28 12:43:34,381 [INFO] IPUIPlugin:80 - create IPUIPlugin
2025-02-28 12:43:34,381 [INFO] IPUIPlugin:80 - create IPUIPlugin
2025-02-28 12:43:34,381 [INFO] IPUIPlugin:80 - create IPUIPlugin
2025-02-28 12:43:34,381 [INFO] IPUIPlugin:80 - create IPUIPlugin
2025-02-28 12:43:34,381 [INFO] IPUIPlugin:80 - create IPUIPlugin
2025-02-28 12:43:34,381 [INFO] IPUIPlugin:80 - create IPUIPlugin
2025-02-28 12:43:34,381 [INFO] IPUIPlugin:80 - create IPUIPlugin
2025-02-28 12:43:34,382 [INFO] IPUIPlugin:80 - create IPUIPlugin
2025-02-28 12:43:34,382 [INFO] IPUIPlugin:80 - create IPUIPlugin
2025-02-28 12:43:34,383 [INFO] IPUIPlugin:80 - create IPUIPlugin
2025-02-28 12:43:34,383 [INFO] IPUIPlugin:80 - create IPUIPlugin
2025-02-28 12:43:34,383 [INFO] IPUIPlugin:80 - create IPUIPlugin
2025-02-28 12:43:34,383 [INFO] IPUIPlugin:80 - create IPUIPlugin
2025-02-28 12:43:34,383 [INFO] IPUIPlugin:80 - create IPUIPlugin
2025-02-28 12:43:34,383 [INFO] IPUIPlugin:80 - create IPUIPlugin
2025-02-28 12:43:34,384 [INFO] IPUIPlugin:80 - create IPUIPlugin
2025-02-28 12:43:34,384 [INFO] IPUIPlugin:80 - create IPUIPlugin
2025-02-28 12:43:34,384 [INFO] IPUIPlugin:80 - create IPUIPlugin
2025-02-28 12:43:34,384 [INFO] IPUIPlugin:80 - create IPUIPlugin
2025-02-28 12:43:34,384 [INFO] IPUIPlugin:80 - create IPUIPlugin
2025-02-28 12:43:34,384 [INFO] IPUIPlugin:80 - create IPUIPlugin
2025-02-28 12:43:34,384 [INFO] IPUIPlugin:80 - create IPUIPlugin
2025-02-28 12:43:34,385 [INFO] IPUIPlugin:80 - create IPUIPlugin
2025-02-28 12:43:34,385 [INFO] IPUIPlugin:80 - create IPUIPlugin
2025-02-28 12:43:34,385 [INFO] IPUIPlugin:80 - create IPUIPlugin
2025-02-28 12:43:34,385 [INFO] IPUIPlugin:80 - create IPUIPlugin
2025-02-28 12:43:34,385 [INFO] IPUIPlugin:80 - create IPUIPlugin
2025-02-28 12:43:34,385 [INFO] IPUIPlugin:80 - create IPUIPlugin
2025-02-28 12:43:34,386 [INFO] IPUIPlugin:80 - create IPUIPlugin
2025-02-28 12:43:34,386 [INFO] IPUIPlugin:80 - create IPUIPlugin
2025-02-28 12:43:34,386 [INFO] IPUIPlugin:80 - create IPUIPlugin
2025-02-28 12:43:34,386 [INFO] IPUIPlugin:80 - create IPUIPlugin
2025-02-28 12:43:34,386 [INFO] IPUIPlugin:80 - create IPUIPlugin
2025-02-28 12:43:34,429 [INFO] CADModel:165 - CPN selected for project levelSTM32WB05KZV6TR
2025-02-28 12:43:34,429 [INFO] CADModel:114 - Register for checkConnection events
2025-02-28 12:43:34,524 [INFO] OpenFileManager:363 - Restore cursor
2025-02-28 12:43:55,492 [INFO] Gpio:277 - dependency for GPIO [I2C1, LPUART1]
2025-02-28 12:49:31,575 [INFO] Gpio:277 - dependency for GPIO [I2C1, LPUART1]
2025-02-28 12:50:35,601 [INFO] Gpio:277 - dependency for GPIO [I2C1, LPUART1]
2025-02-28 12:50:35,690 [INFO] Gpio:277 - dependency for GPIO [I2C1, LPUART1]
2025-02-28 12:50:35,825 [INFO] Gpio:277 - dependency for GPIO [I2C1, LPUART1]
2025-02-28 12:51:07,397 [INFO] Gpio:277 - dependency for GPIO [I2C1, LPUART1]
2025-02-28 12:51:07,499 [INFO] Gpio:277 - dependency for GPIO [I2C1, LPUART1]
2025-02-28 12:51:07,632 [INFO] Gpio:277 - dependency for GPIO [I2C1, LPUART1]
2025-02-28 12:51:19,457 [INFO] UtilMem:75 - End SaveConfig() Used Memory: 463246248 Bytes (699400192)
2025-02-28 13:12:36,128 [INFO] MainUpdater:2872 - connection check result : 10
2025-02-28 13:12:36,129 [INFO] MainUpdater:2872 - connection check result : 10
2025-02-28 13:12:36,187 [INFO] MicroXplorer:468 - Change Database Path : 
2025-02-28 13:12:36,189 [INFO] MicroXplorer:498 - Change Database Version : DB.6.0.130
2025-02-28 13:12:36,250 [ERROR] ProjectManagerView:394 - 
java.lang.NullPointerException: Cannot invoke "javax.swing.JTextField.getText()" because the return value of "java.util.List.get(int)" is null
	at com.st.microxplorer.plugins.projectmanager.gui.ProjectChoiceTab$9.caretUpdate(ProjectChoiceTab.java:2616) ~[filemanager.jar:?]
	at javax.swing.text.JTextComponent.fireCaretUpdate(JTextComponent.java:408) ~[?:?]
	at javax.swing.text.JTextComponent$MutableCaretEvent.fire(JTextComponent.java:4484) ~[?:?]
	at javax.swing.text.JTextComponent$MutableCaretEvent.stateChanged(JTextComponent.java:4506) ~[?:?]
	at javax.swing.text.DefaultCaret.fireStateChanged(DefaultCaret.java:857) ~[?:?]
	at javax.swing.text.DefaultCaret.changeCaretPosition(DefaultCaret.java:1343) ~[?:?]
	at javax.swing.text.DefaultCaret.handleSetDot(DefaultCaret.java:1242) ~[?:?]
	at javax.swing.text.DefaultCaret.setDot(DefaultCaret.java:1223) ~[?:?]
	at javax.swing.text.DefaultCaret$Handler.insertUpdate(DefaultCaret.java:1819) ~[?:?]
	at javax.swing.text.AbstractDocument.fireInsertUpdate(AbstractDocument.java:227) ~[?:?]
	at javax.swing.text.AbstractDocument.handleInsertString(AbstractDocument.java:781) ~[?:?]
	at javax.swing.text.AbstractDocument.insertString(AbstractDocument.java:740) ~[?:?]
	at javax.swing.text.PlainDocument.insertString(PlainDocument.java:131) ~[?:?]
	at javax.swing.text.AbstractDocument.replace(AbstractDocument.java:699) ~[?:?]
	at javax.swing.text.JTextComponent.setText(JTextComponent.java:1725) ~[?:?]
	at com.st.microxplorer.plugins.projectmanager.gui.ProjectChoiceTab.createHeapStackFields(ProjectChoiceTab.java:975) ~[filemanager.jar:?]
	at com.st.microxplorer.plugins.projectmanager.gui.ProjectChoiceTab.buildLinkSettingsPanel(ProjectChoiceTab.java:3666) ~[filemanager.jar:?]
	at com.st.microxplorer.plugins.projectmanager.gui.ProjectChoiceTab.defineWindowsFields(ProjectChoiceTab.java:1934) ~[filemanager.jar:?]
	at com.st.microxplorer.plugins.projectmanager.gui.ProjectChoiceTab.updateSettings(ProjectChoiceTab.java:553) ~[filemanager.jar:?]
	at com.st.microxplorer.plugins.projectmanager.gui.ProjectSettingsPanel.UpdateDialog(ProjectSettingsPanel.java:245) ~[filemanager.jar:?]
	at com.st.microxplorer.plugins.projectmanager.ProjectManagerView.propertyChange(ProjectManagerView.java:391) ~[filemanager.jar:?]
	at java.beans.PropertyChangeSupport.fire(PropertyChangeSupport.java:343) ~[?:?]
	at java.beans.PropertyChangeSupport.firePropertyChange(PropertyChangeSupport.java:335) ~[?:?]
	at java.beans.PropertyChangeSupport.firePropertyChange(PropertyChangeSupport.java:268) ~[?:?]
	at com.st.microxplorer.util.MXPropertyChangeSupport.firePropertyChange(MXPropertyChangeSupport.java:54) ~[STM32CubeMX.jar:?]
	at com.st.microxplorer.mxsystem.MxSystem.closeConfig(MxSystem.java:899) ~[STM32CubeMX.jar:?]
	at com.st.microxplorer.maingui.MainPanel.closeConfig(MainPanel.java:789) ~[STM32CubeMX.jar:?]
	at com.st.microxplorer.plugins.filemanager.engine.OpenFileManager.loadConfigurationFile(OpenFileManager.java:265) ~[filemanager.jar:?]
	at com.st.microxplorer.plugins.filemanager.engine.MainFileManager.userLoadConfig(MainFileManager.java:340) ~[filemanager.jar:?]
	at com.st.microxplorer.plugins.filemanager.engine.MainFileManager.userLoadConfig(MainFileManager.java:318) ~[filemanager.jar:?]
	at com.st.microxplorer.plugins.filemanager.FileManagerView.getSpecificTask(FileManagerView.java:246) ~[filemanager.jar:?]
	at com.st.stm32cube.common.mx.editor.CubeMxEditor.getMxTabbedPaneInstance(CubeMxEditor.java:1198) ~[com.st.stm32cube.common.mx_6.13.0.202411220809/:?]
	at com.st.stm32cube.common.mx.editor.CubeMxEditor$12$1.createSwingComponent(CubeMxEditor.java:1068) ~[com.st.stm32cube.common.mx_6.13.0.202411220809/:?]
	at com.st.stm32cube.common.mx.oss.core.awtswtbridge.EmbeddedSwingComposite.doComponentCreation(EmbeddedSwingComposite.java:492) ~[com.st.stm32cube.common.mx.oss_6.13.0.202411220809/:?]
	at com.st.stm32cube.common.mx.oss.core.awtswtbridge.EmbeddedSwingComposite$4.run(EmbeddedSwingComposite.java:291) ~[com.st.stm32cube.common.mx.oss_6.13.0.202411220809/:?]
	at com.st.stm32cube.common.mx.oss.core.awtswtbridge.AwtEnvironment$2.run(AwtEnvironment.java:166) ~[com.st.stm32cube.common.mx.oss_6.13.0.202411220809/:?]
	at java.awt.event.InvocationEvent.dispatch(InvocationEvent.java:318) ~[?:?]
	at java.awt.EventQueue.dispatchEventImpl(EventQueue.java:773) ~[?:?]
	at java.awt.EventQueue$4.run(EventQueue.java:720) ~[?:?]
	at java.awt.EventQueue$4.run(EventQueue.java:714) ~[?:?]
	at java.security.AccessController.doPrivileged(AccessController.java:400) ~[?:?]
	at java.security.ProtectionDomain$JavaSecurityAccessImpl.doIntersectionPrivilege(ProtectionDomain.java:87) ~[?:?]
	at java.awt.EventQueue.dispatchEvent(EventQueue.java:742) ~[?:?]
	at java.awt.EventDispatchThread.pumpOneEventForFilters(EventDispatchThread.java:203) ~[?:?]
	at java.awt.EventDispatchThread.pumpEventsForFilter(EventDispatchThread.java:124) ~[?:?]
	at java.awt.EventDispatchThread.pumpEventsForHierarchy(EventDispatchThread.java:113) ~[?:?]
	at java.awt.EventDispatchThread.pumpEvents(EventDispatchThread.java:109) ~[?:?]
	at java.awt.EventDispatchThread.pumpEvents(EventDispatchThread.java:101) ~[?:?]
	at java.awt.EventDispatchThread.run(EventDispatchThread.java:90) ~[?:?]
2025-02-28 13:12:36,252 [WARN] ThirdParty:871 - waiting for thirdparty lock release [close project]
2025-02-28 13:12:36,254 [INFO] ThirdParty:873 - entering critical section [close project]
2025-02-28 13:12:36,257 [INFO] ThirdParty:883 - exiting critical section [close project]
2025-02-28 13:12:36,260 [INFO] PinOutPanel:1589 - setPackage(No Configuration,No Configuration)
2025-02-28 13:12:36,436 [INFO] ApiDbMcu:508 - Load IP Config File for STM32_BLE
2025-02-28 13:12:36,449 [WARN] IpParametersView:154 - Warning: This peripheral hasn't parameters
2025-02-28 13:12:36,457 [WARN] MainPanel:289 - <html><b><center>Warning: This peripheral has no parameters to be configured<br></b></html>
2025-02-28 13:12:36,458 [ERROR] MainPanel:599 - java.lang.IndexOutOfBoundsException: Index: 0, Tab count: 0
2025-02-28 13:12:36,559 [INFO] UtilMem:75 - Begin LoadConfig() Used Memory: 394845096 Bytes (699400192)
2025-02-28 13:12:36,561 [INFO] MicroXplorer:468 - Change Database Path : 
2025-02-28 13:12:36,561 [INFO] MicroXplorer:498 - Change Database Version : DB.6.0.130
2025-02-28 13:12:36,561 [INFO] OpenFileManager:332 - Change cursor
2025-02-28 13:12:36,630 [INFO] RulesReader:64 - Compatibility file has been processed (297 Rules)
2025-02-28 13:12:36,641 [INFO] Mcu:2035 - Initializing MCU STM32WB05KZVx STM32WB05KZVx STM32WB05KZV6TR
2025-02-28 13:12:37,754 [INFO] Context:748 - Trying to add GPIOservice into a context  which must be forbidden
2025-02-28 13:12:38,319 [INFO] ApiDbMcu:508 - Load IP Config File for NUCLEO-WB05KZ
2025-02-28 13:12:38,448 [INFO] RtosManager:555 - Registered RTOS mode: class=CMSIS, group=RTOS, mode=CMSIS_V1, owner=FREERTOS
2025-02-28 13:12:38,448 [INFO] RtosManager:555 - Registered RTOS mode: class=CMSIS, group=RTOS2, mode=CMSIS_V2, owner=FREERTOS
2025-02-28 13:12:38,448 [INFO] RtosManager:555 - Registered RTOS mode: class=RTOS, group=Core, mode=CMSIS_V1, owner=FREERTOS
2025-02-28 13:12:38,449 [INFO] RtosManager:555 - Registered RTOS mode: class=RTOS, group=Core, mode=CMSIS_V2, owner=FREERTOS
2025-02-28 13:12:38,449 [WARN] ModelIntegratedComponent:184 - Missing modes for component STMicroelectronics:FreeRTOS:0.0.1:STMicroelectronics:RTOS:FreeRTOS:Core:::10.2.0:
2025-02-28 13:12:38,475 [WARN] ModelIntegratedComponent:63 - No mode defined for component null
2025-02-28 13:12:38,475 [WARN] ModelIntegratedComponent:63 - No mode defined for component null
2025-02-28 13:12:38,475 [WARN] ModelIntegratedComponent:63 - No mode defined for component null
2025-02-28 13:12:38,475 [WARN] ModelIntegratedComponent:63 - No mode defined for component null
2025-02-28 13:12:38,475 [WARN] ModelIntegratedComponent:63 - No mode defined for component null
2025-02-28 13:12:38,476 [WARN] ModelIntegratedComponent:63 - No mode defined for component null
2025-02-28 13:12:38,476 [WARN] ModelIntegratedComponent:63 - No mode defined for component null
2025-02-28 13:12:38,476 [WARN] ModelIntegratedComponent:63 - No mode defined for component null
2025-02-28 13:12:38,476 [WARN] ModelIntegratedComponent:63 - No mode defined for component null
2025-02-28 13:12:38,476 [WARN] ModelIntegratedComponent:63 - No mode defined for component null
2025-02-28 13:12:38,476 [WARN] ModelIntegratedComponent:63 - No mode defined for component null
2025-02-28 13:12:38,476 [WARN] ModelIntegratedComponent:63 - No mode defined for component null
2025-02-28 13:12:38,476 [WARN] ModelIntegratedComponent:63 - No mode defined for component null
2025-02-28 13:12:38,476 [WARN] ModelIntegratedComponent:63 - No mode defined for component null
2025-02-28 13:12:38,476 [WARN] ModelIntegratedComponent:63 - No mode defined for component null
2025-02-28 13:12:38,476 [WARN] ModelIntegratedComponent:63 - No mode defined for component null
2025-02-28 13:12:38,476 [WARN] ModelIntegratedComponent:63 - No mode defined for component null
2025-02-28 13:12:38,476 [WARN] ModelIntegratedComponent:63 - No mode defined for component null
2025-02-28 13:12:38,476 [WARN] ModelIntegratedComponent:63 - No mode defined for component null
2025-02-28 13:12:38,476 [WARN] ModelIntegratedComponent:63 - No mode defined for component null
2025-02-28 13:12:38,477 [WARN] ModelIntegratedComponent:63 - No mode defined for component null
2025-02-28 13:12:38,477 [WARN] ModelIntegratedComponent:63 - No mode defined for component null
2025-02-28 13:12:38,477 [WARN] ModelIntegratedComponent:63 - No mode defined for component null
2025-02-28 13:12:38,477 [WARN] ModelIntegratedComponent:63 - No mode defined for component null
2025-02-28 13:12:38,477 [WARN] ModelIntegratedComponent:63 - No mode defined for component null
2025-02-28 13:12:38,477 [WARN] ModelIntegratedComponent:63 - No mode defined for component null
2025-02-28 13:12:38,477 [WARN] ModelIntegratedComponent:63 - No mode defined for component null
2025-02-28 13:12:38,478 [WARN] ModelIntegratedComponent:63 - No mode defined for component null
2025-02-28 13:12:38,478 [WARN] ModelIntegratedComponent:63 - No mode defined for component null
2025-02-28 13:12:38,478 [WARN] ModelIntegratedComponent:63 - No mode defined for component null
2025-02-28 13:12:38,478 [WARN] ModelIntegratedComponent:63 - No mode defined for component null
2025-02-28 13:12:38,478 [WARN] ModelIntegratedComponent:63 - No mode defined for component null
2025-02-28 13:12:38,478 [WARN] ModelIntegratedComponent:63 - No mode defined for component null
2025-02-28 13:12:38,478 [WARN] ModelIntegratedComponent:63 - No mode defined for component null
2025-02-28 13:12:38,478 [WARN] ModelIntegratedComponent:63 - No mode defined for component null
2025-02-28 13:12:38,479 [WARN] ModelPack:524 - Component already loaded: STMicroelectronics:HAL Drivers:0.0.0:STMicroelectronics:Device:STMicro_Driver:XSPI:HAL::0.0.1:HAL_XSPI
2025-02-28 13:12:38,623 [INFO] ThirdPartyModel:298 - Start build external matchings
2025-02-28 13:12:38,908 [INFO] ThirdPartyModel:316 - End build external matchings
2025-02-28 13:12:39,124 [INFO] UtilMem:75 - End LoadConfig() Used Memory: 560949184 Bytes (699400192)
2025-02-28 13:12:39,251 [WARN] ThirdParty:833 - waiting for thirdparty lock release [change project]
2025-02-28 13:12:39,252 [INFO] ThirdParty:835 - entering critical section [change project]
2025-02-28 13:12:39,252 [INFO] ThirdParty:1030 - CMSIS Pack Vendor :STMicroelectronics USBPD 4.1
2025-02-28 13:12:39,252 [INFO] ThirdParty:1030 - CMSIS Pack Vendor :STMicroelectronics X-CUBE-AZRTOS-H7 3.3.0
2025-02-28 13:12:39,252 [INFO] ThirdParty:1030 - CMSIS Pack Vendor :STMicroelectronics X-CUBE-NFC9 1.0.0
2025-02-28 13:12:39,252 [INFO] ThirdParty:1030 - CMSIS Pack Vendor :STMicroelectronics USB_HOST 2.0.0
2025-02-28 13:12:39,253 [INFO] ThirdParty:1030 - CMSIS Pack Vendor :STMicroelectronics FP-SNS-MOTENVWB1 1.4.0
2025-02-28 13:12:39,253 [INFO] ThirdParty:1030 - CMSIS Pack Vendor :STMicroelectronics X-CUBE-AZRTOS-F4 1.1.0
2025-02-28 13:12:39,253 [INFO] ThirdParty:1030 - CMSIS Pack Vendor :STMicroelectronics LIBJPEG 8.0.0
2025-02-28 13:12:39,253 [INFO] ThirdParty:1030 - CMSIS Pack Vendor :STMicroelectronics FP-ATR-ASTRA1 2.0.2
2025-02-28 13:12:39,253 [INFO] ThirdParty:1030 - CMSIS Pack Vendor :STMicroelectronics FP-ATR-ASTRA1 2.0.1
2025-02-28 13:12:39,253 [INFO] ThirdParty:1030 - CMSIS Pack Vendor :STMicroelectronics X-CUBE-SMBUS 2.1.0
2025-02-28 13:12:39,253 [INFO] ThirdParty:1030 - CMSIS Pack Vendor :STMicroelectronics X-CUBE-WB05N 1.1.0
2025-02-28 13:12:39,253 [INFO] ThirdParty:1030 - CMSIS Pack Vendor :STMicroelectronics USB_DEVICE 3.0.0
2025-02-28 13:12:39,253 [INFO] ThirdParty:1030 - CMSIS Pack Vendor :STMicroelectronics X-CUBE-ISPU 2.1.0
2025-02-28 13:12:39,253 [INFO] ThirdParty:1030 - CMSIS Pack Vendor :STMicroelectronics X-CUBE-AZRTOS-WB 2.0.0
2025-02-28 13:12:39,253 [INFO] ThirdParty:1030 - CMSIS Pack Vendor :STMicroelectronics X-CUBE-GNSS1 7.0.1
2025-02-28 13:12:39,253 [INFO] ThirdParty:1030 - CMSIS Pack Vendor :STMicroelectronics X-CUBE-AZRTOS-F7 1.1.0
2025-02-28 13:12:39,254 [INFO] ThirdParty:1030 - CMSIS Pack Vendor :STMicroelectronics X-CUBE-AZRTOS-L5 2.0.0
2025-02-28 13:12:39,254 [INFO] ThirdParty:1030 - CMSIS Pack Vendor :STMicroelectronics USB_DEVICE 2.0.0
2025-02-28 13:12:39,254 [INFO] ThirdParty:1030 - CMSIS Pack Vendor :STMicroelectronics X-CUBE-NFC6 3.1.0
2025-02-28 13:12:39,254 [INFO] ThirdParty:1030 - CMSIS Pack Vendor :STMicroelectronics FP-SNS-STBOX1 2.0.0
2025-02-28 13:12:39,254 [INFO] ThirdParty:1030 - CMSIS Pack Vendor :STMicroelectronics FreeRTOS 0.0.1
2025-02-28 13:12:39,254 [INFO] ThirdParty:1030 - CMSIS Pack Vendor :STMicroelectronics X-CUBE-AZRTOS-G0 1.1.0
2025-02-28 13:12:39,254 [INFO] ThirdParty:1030 - CMSIS Pack Vendor :STMicroelectronics X-CUBE-SAFEA1 1.2.2
2025-02-28 13:12:39,254 [INFO] ThirdParty:1030 - CMSIS Pack Vendor :STMicroelectronics X-CUBE-NFC4 3.0.0
2025-02-28 13:12:39,254 [INFO] ThirdParty:1030 - CMSIS Pack Vendor :STMicroelectronics X-CUBE-DPower 1.2.0
2025-02-28 13:12:39,254 [INFO] ThirdParty:1030 - CMSIS Pack Vendor :STMicroelectronics X-CUBE-SUBG2 5.0.0
2025-02-28 13:12:39,254 [INFO] ThirdParty:1030 - CMSIS Pack Vendor :STMicroelectronics STM32_WPAN 1.0.0
2025-02-28 13:12:39,254 [INFO] ThirdParty:1030 - CMSIS Pack Vendor :EmbeddedOffice I-CUBE-FS-RTOS 1.0.1
2025-02-28 13:12:39,254 [INFO] ThirdParty:1030 - CMSIS Pack Vendor :STMicroelectronics lwIP 2.0.3
2025-02-28 13:12:39,254 [INFO] ThirdParty:1030 - CMSIS Pack Vendor :STMicroelectronics FP-SNS-FLIGHT1 5.0.2
2025-02-28 13:12:39,254 [INFO] ThirdParty:1030 - CMSIS Pack Vendor :Cesanta I-CUBE-Mongoose 7.13.0
2025-02-28 13:12:39,255 [INFO] ThirdParty:1030 - CMSIS Pack Vendor :STMicroelectronics USB_HOST 1.0.0
2025-02-28 13:12:39,255 [INFO] ThirdParty:1030 - CMSIS Pack Vendor :Infineon AIROC-Wi-Fi-Bluetooth-STM32 1.7.0
2025-02-28 13:12:39,255 [INFO] ThirdParty:1030 - CMSIS Pack Vendor :STMicroelectronics X-CUBE-AZRTOS-G4 2.0.0
2025-02-28 13:12:39,255 [INFO] ThirdParty:1030 - CMSIS Pack Vendor :STMicroelectronics PDM2PCM 3.1.0
2025-02-28 13:12:39,255 [INFO] ThirdParty:1030 - CMSIS Pack Vendor :STMicroelectronics PDM2PCM 3.3.0
2025-02-28 13:12:39,255 [INFO] ThirdParty:1030 - CMSIS Pack Vendor :STMicroelectronics X-CUBE-DISPLAY 3.0.0
2025-02-28 13:12:39,255 [INFO] ThirdParty:1030 - CMSIS Pack Vendor :STMicroelectronics X-CUBE-TCPP 4.2.0
2025-02-28 13:12:39,255 [INFO] ThirdParty:1030 - CMSIS Pack Vendor :RealThread X-CUBE-RT-Thread_Nano 4.1.1
2025-02-28 13:12:39,255 [INFO] ThirdParty:1030 - CMSIS Pack Vendor :STMicroelectronics X-CUBE-BLE1 7.0.0
2025-02-28 13:12:39,255 [INFO] ThirdParty:1030 - CMSIS Pack Vendor :STMicroelectronics FP-ATR-SIGFOX1 3.2.0
2025-02-28 13:12:39,255 [INFO] ThirdParty:1030 - CMSIS Pack Vendor :STMicroelectronics X-CUBE-NFC10 1.0.0
2025-02-28 13:12:39,255 [INFO] ThirdParty:1030 - CMSIS Pack Vendor :quantropi X-CUBE-qispace-sdk-base 1.9.3
2025-02-28 13:12:39,255 [INFO] ThirdParty:1030 - CMSIS Pack Vendor :STMicroelectronics X-CUBE-BLEMGR 4.0.0
2025-02-28 13:12:39,255 [INFO] ThirdParty:1030 - CMSIS Pack Vendor :STMicroelectronics X-CUBE-EEPRMA1 5.1.0
2025-02-28 13:12:39,255 [INFO] ThirdParty:1030 - CMSIS Pack Vendor :STMicroelectronics HAL Drivers 0.0.0
2025-02-28 13:12:39,255 [INFO] ThirdParty:1030 - CMSIS Pack Vendor :STMicroelectronics MBEDTLS 2.16.2
2025-02-28 13:12:39,255 [INFO] ThirdParty:1030 - CMSIS Pack Vendor :STMicroelectronics X-CUBE-IPS 3.1.0
2025-02-28 13:12:39,255 [INFO] ThirdParty:1030 - CMSIS Pack Vendor :STMicroelectronics X-CUBE-ALS 1.0.2
2025-02-28 13:12:39,255 [INFO] ThirdParty:1030 - CMSIS Pack Vendor :emotas I-CUBE-CANOPEN 1.3.0
2025-02-28 13:12:39,255 [INFO] ThirdParty:1030 - CMSIS Pack Vendor :STMicroelectronics X-CUBE-FREERTOS 1.3.0
2025-02-28 13:12:39,255 [INFO] ThirdParty:1030 - CMSIS Pack Vendor :STMicroelectronics X-CUBE-NFC7 1.0.1
2025-02-28 13:12:39,256 [INFO] ThirdParty:1030 - CMSIS Pack Vendor :STMicroelectronics MBEDTLS 2.14.1
2025-02-28 13:12:39,256 [INFO] ThirdParty:1030 - CMSIS Pack Vendor :wolfSSL I-CUBE-wolfSSL 5.7.6
2025-02-28 13:12:39,256 [INFO] ThirdParty:1030 - CMSIS Pack Vendor :ITTIA_DB I-CUBE-ITTIADB 8.9.0
2025-02-28 13:12:39,256 [INFO] ThirdParty:1030 - CMSIS Pack Vendor :STMicroelectronics X-CUBE-TOUCHGFX 4.24.2
2025-02-28 13:12:39,256 [INFO] ThirdParty:1030 - CMSIS Pack Vendor :wolfSSL I-CUBE-wolfTPM 3.4.0
2025-02-28 13:12:39,256 [INFO] ThirdParty:1030 - CMSIS Pack Vendor :portGmbH I-Cube-SoM-uGOAL 1.1.0
2025-02-28 13:12:39,257 [INFO] ThirdParty:1030 - CMSIS Pack Vendor :STMicroelectronics X-CUBE-AI 10.0.0
2025-02-28 13:12:39,257 [INFO] ThirdParty:1030 - CMSIS Pack Vendor :STMicroelectronics ThreadX 1.0.0
2025-02-28 13:12:39,257 [INFO] ThirdParty:1030 - CMSIS Pack Vendor :STMicroelectronics FP-SNS-SMARTAG2 1.2.0
2025-02-28 13:12:39,257 [INFO] ThirdParty:1030 - CMSIS Pack Vendor :STMicroelectronics X-CUBE-MEMS1 11.1.0
2025-02-28 13:12:39,257 [INFO] ThirdParty:1030 - CMSIS Pack Vendor :STMicroelectronics X-CUBE-AZRTOS-WL 2.0.0
2025-02-28 13:12:39,257 [INFO] ThirdParty:1030 - CMSIS Pack Vendor :SEGGER I-CUBE-embOS 1.3.1
2025-02-28 13:12:39,257 [INFO] ThirdParty:1030 - CMSIS Pack Vendor :STMicroelectronics X-CUBE-ALGOBUILD 1.4.0
2025-02-28 13:12:39,257 [INFO] ThirdParty:1030 - CMSIS Pack Vendor :STMicroelectronics FP-SNS-MOTENV1 5.0.0
2025-02-28 13:12:39,257 [INFO] ThirdParty:1030 - CMSIS Pack Vendor :STMicroelectronics USB_DEVICE 1.0.0
2025-02-28 13:12:39,257 [INFO] ThirdParty:1030 - CMSIS Pack Vendor :STMicroelectronics X-CUBE-AZRTOS-H7RS 1.0.0
2025-02-28 13:12:39,257 [INFO] ThirdParty:1030 - CMSIS Pack Vendor :wolfSSL I-CUBE-wolfMQTT 1.19.0
2025-02-28 13:12:39,257 [INFO] ThirdParty:1030 - CMSIS Pack Vendor :STMicroelectronics X-CUBE-AZRTOS-L4 2.0.0
2025-02-28 13:12:39,257 [INFO] ThirdParty:1030 - CMSIS Pack Vendor :STMicroelectronics ThreadX 0.0.2
2025-02-28 13:12:39,257 [INFO] ThirdParty:1030 - CMSIS Pack Vendor :WES I-CUBE-Cesium 1.3.0
2025-02-28 13:12:39,257 [INFO] ThirdParty:1030 - CMSIS Pack Vendor :STMicroelectronics lwIP 2.1.2
2025-02-28 13:12:39,257 [INFO] ThirdParty:1030 - CMSIS Pack Vendor :STMicroelectronics X-CUBE-SFXS2LP1 4.0.0
2025-02-28 13:12:39,257 [INFO] ThirdParty:1030 - CMSIS Pack Vendor :STMicroelectronics X-CUBE-BLE2 3.3.0
2025-02-28 13:12:39,258 [INFO] ThirdParty:1030 - CMSIS Pack Vendor :STMicroelectronics X-CUBE-TOF1 3.4.2
2025-02-28 13:12:39,258 [INFO] ThirdParty:1030 - CMSIS Pack Vendor :STMicroelectronics PDM2PCM 3.2.0
2025-02-28 13:12:39,258 [INFO] ThirdParty:1030 - CMSIS Pack Vendor :wolfSSL I-CUBE-wolfSSH 1.4.17
2025-02-28 13:12:39,258 [INFO] ThirdParty:841 - exiting critical section [change project]
2025-02-28 13:12:39,387 [INFO] PinOutPanel:1589 - setPackage(No Configuration,No Configuration)
2025-02-28 13:12:39,388 [INFO] PinOutPanel:1589 - setPackage(STM32WB05KZVx,VFQFPN32)
2025-02-28 13:12:39,606 [INFO] UtilMem:75 - Before build in PCC Used Memory: 635097008 Bytes (699400192)
2025-02-28 13:12:39,967 [INFO] UtilMem:75 - After build in PCC Used Memory: 331087560 Bytes (699400192)
2025-02-28 13:12:39,988 [INFO] IPUIPlugin:80 - create IPUIPlugin
2025-02-28 13:12:39,988 [INFO] IPUIPlugin:80 - create IPUIPlugin
2025-02-28 13:12:39,989 [INFO] IPUIPlugin:80 - create IPUIPlugin
2025-02-28 13:12:39,989 [INFO] IPUIPlugin:80 - create IPUIPlugin
2025-02-28 13:12:39,989 [INFO] IPUIPlugin:80 - create IPUIPlugin
2025-02-28 13:12:39,989 [INFO] IPUIPlugin:80 - create IPUIPlugin
2025-02-28 13:12:39,989 [INFO] IPUIPlugin:80 - create IPUIPlugin
2025-02-28 13:12:39,989 [INFO] IPUIPlugin:80 - create IPUIPlugin
2025-02-28 13:12:39,989 [INFO] IPUIPlugin:80 - create IPUIPlugin
2025-02-28 13:12:39,989 [INFO] IPUIPlugin:80 - create IPUIPlugin
2025-02-28 13:12:39,989 [INFO] IPUIPlugin:80 - create IPUIPlugin
2025-02-28 13:12:39,989 [INFO] IPUIPlugin:80 - create IPUIPlugin
2025-02-28 13:12:39,990 [INFO] IPUIPlugin:80 - create IPUIPlugin
2025-02-28 13:12:39,990 [INFO] IPUIPlugin:80 - create IPUIPlugin
2025-02-28 13:12:39,990 [INFO] IPUIPlugin:80 - create IPUIPlugin
2025-02-28 13:12:39,990 [INFO] IPUIPlugin:80 - create IPUIPlugin
2025-02-28 13:12:39,990 [INFO] IPUIPlugin:80 - create IPUIPlugin
2025-02-28 13:12:39,990 [INFO] IPUIPlugin:80 - create IPUIPlugin
2025-02-28 13:12:39,990 [INFO] IPUIPlugin:80 - create IPUIPlugin
2025-02-28 13:12:39,991 [INFO] IPUIPlugin:80 - create IPUIPlugin
2025-02-28 13:12:39,991 [INFO] IPUIPlugin:80 - create IPUIPlugin
2025-02-28 13:12:39,991 [INFO] IPUIPlugin:80 - create IPUIPlugin
2025-02-28 13:12:39,991 [INFO] IPUIPlugin:80 - create IPUIPlugin
2025-02-28 13:12:39,991 [INFO] IPUIPlugin:80 - create IPUIPlugin
2025-02-28 13:12:39,991 [INFO] IPUIPlugin:80 - create IPUIPlugin
2025-02-28 13:12:39,992 [INFO] IPUIPlugin:80 - create IPUIPlugin
2025-02-28 13:12:39,992 [INFO] IPUIPlugin:80 - create IPUIPlugin
2025-02-28 13:12:39,992 [INFO] IPUIPlugin:80 - create IPUIPlugin
2025-02-28 13:12:39,992 [INFO] IPUIPlugin:80 - create IPUIPlugin
2025-02-28 13:12:39,992 [INFO] IPUIPlugin:80 - create IPUIPlugin
2025-02-28 13:12:39,992 [INFO] IPUIPlugin:80 - create IPUIPlugin
2025-02-28 13:12:39,993 [INFO] IPUIPlugin:80 - create IPUIPlugin
2025-02-28 13:12:39,993 [INFO] IPUIPlugin:80 - create IPUIPlugin
2025-02-28 13:12:39,993 [INFO] IPUIPlugin:80 - create IPUIPlugin
2025-02-28 13:12:39,993 [INFO] IPUIPlugin:80 - create IPUIPlugin
2025-02-28 13:12:40,024 [INFO] CADModel:165 - CPN selected for project levelSTM32WB05KZV6TR
2025-02-28 13:12:40,025 [INFO] CADModel:114 - Register for checkConnection events
2025-02-28 13:12:40,141 [INFO] OpenFileManager:363 - Restore cursor
2025-02-28 13:12:55,175 [INFO] UtilMem:75 - End SaveConfig() Used Memory: 421607944 Bytes (699400192)
2025-02-28 13:12:55,576 [INFO] BlockDiagram:2766 - set Specific Code input for plugin: NVIC
2025-02-28 13:12:55,576 [INFO] BlockDiagram:2766 - set Specific Code input for plugin: MEMORYMAP
2025-02-28 13:12:55,576 [INFO] BlockDiagram:2766 - set Specific Code input for plugin: PWR
2025-02-28 13:12:55,576 [INFO] BlockDiagram:2766 - set Specific Code input for plugin: SYS
2025-02-28 13:12:55,576 [INFO] BlockDiagram:2766 - set Specific Code input for plugin: GPIO
2025-02-28 13:12:55,576 [INFO] BlockDiagram:2766 - set Specific Code input for plugin: RCC
2025-02-28 13:12:55,576 [INFO] BlockDiagram:2766 - set Specific Code input for plugin: LPUART
2025-02-28 13:12:55,578 [INFO] CodeGenerator:896 - code generatio: config db path: C:\ST\STM32CubeIDE_1.17.0\STM32CubeIDE\plugins\com.st.stm32cube.common.mx_6.13.0.202411220809\\db\
2025-02-28 13:12:55,761 [INFO] CodeEngine:255 - oldGeneratedFile, C:\Users\stipi\Desktop\HWstuff\ECE129\WildlifeSource\WPSSource\WildlifeSource\MXTmpFiles\license.tmp_save
2025-02-28 13:12:56,195 [INFO] CodeEngine:279 - Generated code: C:\Users\stipi\Desktop\HWstuff\ECE129\WildlifeSource\WPSSource\WildlifeSource\MXTmpFiles\license.tmp
2025-02-28 13:12:56,433 [INFO] CodeEngine:255 - oldGeneratedFile, C:\Users\stipi\Desktop\HWstuff\ECE129\WildlifeSource\WPSSource\WildlifeSource\MXTmpFiles\gpio.tmp_save
2025-02-28 13:12:56,669 [INFO] CodeEngine:279 - Generated code: C:\Users\stipi\Desktop\HWstuff\ECE129\WildlifeSource\WPSSource\WildlifeSource\MXTmpFiles\gpio.tmp
2025-02-28 13:12:56,893 [WARN] IPConfigManager:98 - WARNING: Missing Config File for MEMORYMAP ip!!
2025-02-28 13:12:56,894 [WARN] IP:2251 - DefaultDataRegion not found: check if there is a RefParameter without a condition.
2025-02-28 13:12:57,122 [INFO] CodeEngine:255 - oldGeneratedFile, C:\Users\stipi\Desktop\HWstuff\ECE129\WildlifeSource\WPSSource\WildlifeSource\MXTmpFiles\cortex.tmp_save
2025-02-28 13:12:57,295 [INFO] CodeEngine:279 - Generated code: C:\Users\stipi\Desktop\HWstuff\ECE129\WildlifeSource\WPSSource\WildlifeSource\MXTmpFiles\cortex.tmp
2025-02-28 13:12:57,361 [INFO] CodeEngine:255 - oldGeneratedFile, C:\Users\stipi\Desktop\HWstuff\ECE129\WildlifeSource\WPSSource\WildlifeSource\Core\Src\stm32wb0x_it.c_save
2025-02-28 13:12:57,759 [INFO] CodeEngine:279 - Generated code: C:\Users\stipi\Desktop\HWstuff\ECE129\WildlifeSource\WPSSource\WildlifeSource\Core\Src\stm32wb0x_it.c
2025-02-28 13:12:57,803 [INFO] CodeEngine:255 - oldGeneratedFile, C:\Users\stipi\Desktop\HWstuff\ECE129\WildlifeSource\WPSSource\WildlifeSource\Core\Inc\stm32wb0x_it.h_save
2025-02-28 13:12:57,945 [INFO] CodeEngine:279 - Generated code: C:\Users\stipi\Desktop\HWstuff\ECE129\WildlifeSource\WPSSource\WildlifeSource\Core\Inc\stm32wb0x_it.h
2025-02-28 13:12:58,024 [INFO] CodeEngine:255 - oldGeneratedFile, C:\Users\stipi\Desktop\HWstuff\ECE129\WildlifeSource\WPSSource\WildlifeSource\Core\Src\stm32wb0x_hal_msp.c_save
2025-02-28 13:12:58,240 [INFO] CodeEngine:279 - Generated code: C:\Users\stipi\Desktop\HWstuff\ECE129\WildlifeSource\WPSSource\WildlifeSource\Core\Src\stm32wb0x_hal_msp.c
2025-02-28 13:12:58,281 [INFO] CodeEngine:255 - oldGeneratedFile, C:\Users\stipi\Desktop\HWstuff\ECE129\WildlifeSource\WPSSource\WildlifeSource\MXTmpFiles\system.tmp_save
2025-02-28 13:12:58,382 [INFO] CodeEngine:279 - Generated code: C:\Users\stipi\Desktop\HWstuff\ECE129\WildlifeSource\WPSSource\WildlifeSource\MXTmpFiles\system.tmp
2025-02-28 13:12:58,438 [INFO] CodeEngine:311 - oldGeneratedFile, C:\Users\stipi\Desktop\HWstuff\ECE129\WildlifeSource\WPSSource\WildlifeSource\Core\Inc\stm32wb0x_hal_conf.h_save
2025-02-28 13:12:58,605 [INFO] CodeEngine:335 - Generated code: C:\Users\stipi\Desktop\HWstuff\ECE129\WildlifeSource\WPSSource\WildlifeSource\Core\Inc\stm32wb0x_hal_conf.h
2025-02-28 13:12:58,654 [WARN] IPConfigManager:3034 - Warning: the RefConfig RCC_PClockConfig is not available in your config.xml file
2025-02-28 13:12:58,678 [INFO] ApiDbMcu:508 - Load IP Config File for LPUART1
2025-02-28 13:12:58,679 [ERROR] ApiDbMcu:464 - Can't load MEMORYMAP-STM32xx root dir null
2025-02-28 13:12:58,679 [ERROR] ApiDbMcu:536 - Cannot parse MEMORYMAP_Config file : file do not exist
2025-02-28 13:12:58,682 [INFO] ApiDbMcu:508 - Load IP Config File for RCC
2025-02-28 13:12:58,736 [INFO] CodeEngine:255 - oldGeneratedFile, C:\Users\stipi\Desktop\HWstuff\ECE129\WildlifeSource\WPSSource\WildlifeSource\Core\Inc\main.h_save
2025-02-28 13:12:58,920 [INFO] CodeEngine:279 - Generated code: C:\Users\stipi\Desktop\HWstuff\ECE129\WildlifeSource\WPSSource\WildlifeSource\Core\Inc\main.h
2025-02-28 13:12:58,947 [INFO] CodeEngine:255 - oldGeneratedFile, C:\Users\stipi\Desktop\HWstuff\ECE129\WildlifeSource\WPSSource\WildlifeSource\Core\Src\main.c_save
2025-02-28 13:12:59,141 [INFO] CodeEngine:279 - Generated code: C:\Users\stipi\Desktop\HWstuff\ECE129\WildlifeSource\WPSSource\WildlifeSource\Core\Src\main.c
2025-02-28 13:12:59,997 [INFO] ProjectBuilder:3289 - Time for Copy HAL[1] : 314mS.
2025-02-28 13:13:00,004 [INFO] ProjectBuilder:4876 - Project Generator version: 4.5.0-RC5
2025-02-28 13:13:00,106 [INFO] ConfigFileManager:1579 - The Die is : DIE028
2025-02-28 13:13:00,129 [INFO] ApiDbMcu:508 - Load IP Config File for FATFS
2025-02-28 13:13:00,149 [INFO] ApiDbMcu:508 - Load IP Config File for FREERTOS
2025-02-28 13:13:00,155 [INFO] ApiDbMcu:508 - Load IP Config File for STM32_BLE
2025-02-28 13:13:02,563 [INFO] ProjectBuilder:5154 - Time for Generating toolchain IDE Files: 2559mS.
2025-02-28 13:13:02,564 [INFO] ProjectBuilder:3146 - Time for Copy CMSIS : 1mS.
2025-02-28 13:13:02,569 [INFO] ProjectBuilder:3146 - Time for Copy CMSIS : 1mS.
2025-02-28 14:30:32,524 [INFO] WebApp:190 - Connection lost
2025-02-28 14:30:32,922 [INFO] WebApp:187 - Connection restablished
2025-02-28 15:26:18,600 [INFO] WebApp:190 - Connection lost
2025-02-28 15:26:23,539 [INFO] WebApp:187 - Connection restablished
2025-02-28 15:27:59,910 [INFO] WebApp:190 - Connection lost
2025-02-28 15:28:00,643 [INFO] WebApp:187 - Connection restablished
2025-02-28 15:37:07,317 [INFO] WebApp:190 - Connection lost
2025-02-28 15:37:07,649 [INFO] WebApp:187 - Connection restablished
2025-02-28 15:37:55,313 [INFO] WebApp:190 - Connection lost
2025-02-28 15:37:55,564 [INFO] WebApp:187 - Connection restablished
2025-02-28 15:48:20,017 [INFO] WebApp:190 - Connection lost
2025-02-28 15:48:20,173 [INFO] WebApp:187 - Connection restablished
2025-02-28 15:48:23,381 [INFO] WebApp:190 - Connection lost
2025-02-28 15:48:23,713 [INFO] WebApp:187 - Connection restablished
